TN:
SF:sk-store/src/index.rs
FN:52,<sk_store::index::TraceIndex>::remove::{closure#0}
FN:13,<<sk_store::index::TraceIndex as serde::de::Deserialize>::deserialize::__FieldVisitor as serde::de::Visitor>::visit_borrowed_bytes::<rmp_serde::decode::Error>
FN:13,<<sk_store::index::TraceIndex as serde::de::Deserialize>::deserialize::__FieldVisitor as serde::de::Visitor>::visit_char::<_>
FN:43,<sk_store::index::TraceIndex>::is_empty
FN:25,<sk_store::index::TraceIndex>::contains::{closure#0}
FN:13,<<sk_store::index::TraceIndex as serde::de::Deserialize>::deserialize::__FieldVisitor as serde::de::Visitor>::visit_u32::<rmp_serde::decode::Error>
FN:13,<<sk_store::index::TraceIndex as serde::de::Deserialize>::deserialize::__FieldVisitor as serde::de::Visitor>::visit_i8::<rmp_serde::decode::Error>
FN:13,<<sk_store::index::TraceIndex as serde::de::Deserialize>::deserialize::__Visitor as serde::de::Visitor>::visit_map::<serde_json::de::MapAccess<serde_json::read::IoRead<std::io::buffered::bufreader::BufReader<std::fs::File>>>>
FN:20,<sk_store::index::TraceIndex>::new
FN:13,<<sk_store::index::TraceIndex as serde::de::Deserialize>::deserialize::__FieldVisitor as serde::de::Visitor>::visit_borrowed_str::<serde_json::error::Error>
FN:13,<<sk_store::index::TraceIndex as serde::de::Deserialize>::deserialize::__Visitor as serde::de::Visitor>::expecting
FN:13,<<sk_store::index::TraceIndex as serde::de::Deserialize>::deserialize::__FieldVisitor as serde::de::Visitor>::visit_str::<serde_json::error::Error>
FN:13,<<sk_store::index::TraceIndex as serde::de::Deserialize>::deserialize::__FieldVisitor as serde::de::Visitor>::visit_i8::<rmp_serde::decode::Error>
FN:13,<<sk_store::index::TraceIndex as serde::de::Deserialize>::deserialize::__Field as serde::de::Deserialize>::deserialize::<serde_json::de::MapKey<serde_json::read::IoRead<std::io::buffered::bufreader::BufReader<std::fs::File>>>>
FN:57,<sk_store::index::TraceIndex>::take_gvk_index
FN:47,<sk_store::index::TraceIndex>::len
FN:31,<sk_store::index::TraceIndex>::flattened_keys::{closure#0}
FN:13,<<sk_store::index::TraceIndex as serde::de::Deserialize>::deserialize::__FieldVisitor as serde::de::Visitor>::visit_i16::<rmp_serde::decode::Error>
FN:13,<<sk_store::index::TraceIndex as serde::de::Deserialize>::deserialize::__Visitor as serde::de::Visitor>::visit_map::<serde_json::de::MapAccess<serde_json::read::IoRead<std::io::buffered::bufreader::BufReader<std::fs::File>>>>
FN:13,<<sk_store::index::TraceIndex as serde::de::Deserialize>::deserialize::__Visitor as serde::de::Visitor>::visit_map::<serde_json::de::MapAccess<serde_json::read::IoRead<std::io::buffered::bufreader::BufReader<std::fs::File>>>>
FN:13,<<sk_store::index::TraceIndex as serde::de::Deserialize>::deserialize::__FieldVisitor as serde::de::Visitor>::visit_char::<_>
FN:44,<sk_store::index::TraceIndex>::is_empty::{closure#0}
FN:13,<<sk_store::index::TraceIndex as serde::de::Deserialize>::deserialize::__FieldVisitor as serde::de::Visitor>::visit_f64::<rmp_serde::decode::Error>
FN:13,<<sk_store::index::TraceIndex as serde::de::Deserialize>::deserialize::__FieldVisitor as serde::de::Visitor>::visit_u8::<rmp_serde::decode::Error>
FN:44,<sk_store::index::TraceIndex>::is_empty::{closure#0}
FN:52,<sk_store::index::TraceIndex>::remove::{closure#0}
FN:28,<sk_store::index::TraceIndex>::flattened_keys
FN:13,<<sk_store::index::TraceIndex as serde::de::Deserialize>::deserialize::__FieldVisitor as serde::de::Visitor>::visit_bool::<rmp_serde::decode::Error>
FN:24,<sk_store::index::TraceIndex>::contains
FN:13,<<sk_store::index::TraceIndex as serde::de::Deserialize>::deserialize::__Visitor as serde::de::Visitor>::visit_map::<&mut rmp_serde::decode::MapAccess<rmp_serde::decode::ReadRefReader<[u8]>, rmp_serde::config::DefaultConfig>>
FN:39,<sk_store::index::TraceIndex>::insert
FN:13,<<sk_store::index::TraceIndex as serde::de::Deserialize>::deserialize::__FieldVisitor as serde::de::Visitor>::visit_i32::<rmp_serde::decode::Error>
FN:13,<<sk_store::index::TraceIndex as serde::de::Deserialize>::deserialize::__FieldVisitor as serde::de::Visitor>::visit_u64::<rmp_serde::decode::Error>
FN:13,<<sk_store::index::TraceIndex as serde::de::Deserialize>::deserialize::__FieldVisitor as serde::de::Visitor>::visit_i32::<rmp_serde::decode::Error>
FN:13,<<sk_store::index::TraceIndex as serde::de::Deserialize>::deserialize::__FieldVisitor as serde::de::Visitor>::visit_u16::<rmp_serde::decode::Error>
FN:13,<<sk_store::index::TraceIndex as serde::de::Deserialize>::deserialize::__FieldVisitor as serde::de::Visitor>::visit_i64::<rmp_serde::decode::Error>
FN:13,<<sk_store::index::TraceIndex as serde::de::Deserialize>::deserialize::__FieldVisitor as serde::de::Visitor>::visit_borrowed_str::<serde_json::error::Error>
FN:24,<sk_store::index::TraceIndex>::contains
FN:52,<sk_store::index::TraceIndex>::remove::{closure#0}
FN:13,<<sk_store::index::TraceIndex as serde::de::Deserialize>::deserialize::__FieldVisitor as serde::de::Visitor>::visit_bytes::<rmp_serde::decode::Error>
FN:13,<<sk_store::index::TraceIndex as serde::de::Deserialize>::deserialize::__FieldVisitor as serde::de::Visitor>::visit_borrowed_str::<rmp_serde::decode::Error>
FN:13,<<sk_store::index::TraceIndex as serde::de::Deserialize>::deserialize::__Field as serde::de::Deserialize>::deserialize::<&mut rmp_serde::decode::Deserializer<rmp_serde::decode::ReadRefReader<[u8]>>>
FN:13,<<sk_store::index::TraceIndex as serde::de::Deserialize>::deserialize::__FieldVisitor as serde::de::Visitor>::visit_str::<rmp_serde::decode::Error>
FN:57,<sk_store::index::TraceIndex>::take_gvk_index
FN:13,<<sk_store::index::TraceIndex as serde::de::Deserialize>::deserialize::__FieldVisitor as serde::de::Visitor>::visit_bool::<rmp_serde::decode::Error>
FN:47,<sk_store::index::TraceIndex>::len
FN:13,<<sk_store::index::TraceIndex as serde::de::Deserialize>::deserialize::__FieldVisitor as serde::de::Visitor>::visit_bytes::<rmp_serde::decode::Error>
FN:57,<sk_store::index::TraceIndex>::take_gvk_index
FN:13,<<sk_store::index::TraceIndex as serde::de::Deserialize>::deserialize::__FieldVisitor as serde::de::Visitor>::visit_unit::<rmp_serde::decode::Error>
FN:48,<sk_store::index::TraceIndex>::len::{closure#0}
FN:13,<<sk_store::index::TraceIndex as serde::de::Deserialize>::deserialize::__FieldVisitor as serde::de::Visitor>::visit_f32::<rmp_serde::decode::Error>
FN:13,<<sk_store::index::TraceIndex as serde::de::Deserialize>::deserialize::__Visitor as serde::de::Visitor>::expecting
FN:13,<<sk_store::index::TraceIndex as serde::de::Deserialize>::deserialize::__FieldVisitor as serde::de::Visitor>::visit_str::<rmp_serde::decode::Error>
FN:13,<<sk_store::index::TraceIndex as serde::de::Deserialize>::deserialize::__FieldVisitor as serde::de::Visitor>::visit_f32::<rmp_serde::decode::Error>
FN:24,<sk_store::index::TraceIndex>::contains
FN:13,<<sk_store::index::TraceIndex as serde::de::Deserialize>::deserialize::__FieldVisitor as serde::de::Visitor>::visit_borrowed_bytes::<rmp_serde::decode::Error>
FN:31,<sk_store::index::TraceIndex>::flattened_keys::{closure#0}
FN:13,<<sk_store::index::TraceIndex as serde::de::Deserialize>::deserialize::__FieldVisitor as serde::de::Visitor>::visit_i64::<rmp_serde::decode::Error>
FN:13,<<sk_store::index::TraceIndex as serde::de::Deserialize>::deserialize::__FieldVisitor as serde::de::Visitor>::expecting
FN:13,<<sk_store::index::TraceIndex as serde::de::Deserialize>::deserialize::__FieldVisitor as serde::de::Visitor>::visit_i16::<rmp_serde::decode::Error>
FN:13,<<sk_store::index::TraceIndex as serde::de::Deserialize>::deserialize::__FieldVisitor as serde::de::Visitor>::expecting
FN:31,<sk_store::index::TraceIndex>::flattened_keys::{closure#0}
FN:13,<<sk_store::index::TraceIndex as serde::de::Deserialize>::deserialize::__FieldVisitor as serde::de::Visitor>::visit_f64::<rmp_serde::decode::Error>
FN:48,<sk_store::index::TraceIndex>::len::{closure#0}
FN:13,<<sk_store::index::TraceIndex as serde::de::Deserialize>::deserialize::__FieldVisitor as serde::de::Visitor>::visit_u16::<rmp_serde::decode::Error>
FN:13,<<sk_store::index::TraceIndex as serde::de::Deserialize>::deserialize::__FieldVisitor as serde::de::Visitor>::visit_u8::<rmp_serde::decode::Error>
FN:13,<<sk_store::index::TraceIndex as serde::de::Deserialize>::deserialize::__FieldVisitor as serde::de::Visitor>::visit_borrowed_bytes::<rmp_serde::decode::Error>
FN:13,<<sk_store::index::TraceIndex as serde::de::Deserialize>::deserialize::__FieldVisitor as serde::de::Visitor>::visit_u64::<rmp_serde::decode::Error>
FN:13,<<sk_store::index::TraceIndex as serde::de::Deserialize>::deserialize::__Field as serde::de::Deserialize>::deserialize::<&mut rmp_serde::decode::Deserializer<rmp_serde::decode::ReadRefReader<[u8]>>>
FN:13,<<sk_store::index::TraceIndex as serde::de::Deserialize>::deserialize::__FieldVisitor as serde::de::Visitor>::expecting
FN:13,<<sk_store::index::TraceIndex as serde::de::Deserialize>::deserialize::__FieldVisitor as serde::de::Visitor>::visit_borrowed_str::<rmp_serde::decode::Error>
FN:13,<<sk_store::index::TraceIndex as serde::de::Deserialize>::deserialize::__FieldVisitor as serde::de::Visitor>::visit_f32::<rmp_serde::decode::Error>
FN:13,<<sk_store::index::TraceIndex as serde::de::Deserialize>::deserialize::__Field as serde::de::Deserialize>::deserialize::<&mut rmp_serde::decode::Deserializer<rmp_serde::decode::ReadRefReader<[u8]>>>
FN:13,<<sk_store::index::TraceIndex as serde::de::Deserialize>::deserialize::__FieldVisitor as serde::de::Visitor>::visit_unit::<rmp_serde::decode::Error>
FN:13,<<sk_store::index::TraceIndex as serde::de::Deserialize>::deserialize::__FieldVisitor as serde::de::Visitor>::visit_borrowed_str::<serde_json::error::Error>
FN:25,<sk_store::index::TraceIndex>::contains::{closure#0}
FN:13,<<sk_store::index::TraceIndex as serde::de::Deserialize>::deserialize::__FieldVisitor as serde::de::Visitor>::visit_bytes::<rmp_serde::decode::Error>
FN:13,<<sk_store::index::TraceIndex as serde::de::Deserialize>::deserialize::__FieldVisitor as serde::de::Visitor>::visit_u16::<rmp_serde::decode::Error>
FN:51,<sk_store::index::TraceIndex>::remove
FN:43,<sk_store::index::TraceIndex>::is_empty
FN:13,<<sk_store::index::TraceIndex as serde::de::Deserialize>::deserialize::__FieldVisitor as serde::de::Visitor>::visit_i32::<rmp_serde::decode::Error>
FN:28,<sk_store::index::TraceIndex>::flattened_keys
FN:13,<<sk_store::index::TraceIndex as serde::de::Deserialize>::deserialize::__FieldVisitor as serde::de::Visitor>::visit_str::<serde_json::error::Error>
FN:51,<sk_store::index::TraceIndex>::remove
FN:13,<<sk_store::index::TraceIndex as serde::de::Deserialize>::deserialize::__FieldVisitor as serde::de::Visitor>::visit_u32::<rmp_serde::decode::Error>
FN:31,<sk_store::index::TraceIndex>::flattened_keys::{closure#0}::{closure#0}
FN:43,<sk_store::index::TraceIndex>::is_empty
FN:51,<sk_store::index::TraceIndex>::remove
FN:35,<sk_store::index::TraceIndex>::get
FN:13,<<sk_store::index::TraceIndex as serde::de::Deserialize>::deserialize::__FieldVisitor as serde::de::Visitor>::visit_u32::<rmp_serde::decode::Error>
FN:13,<<sk_store::index::TraceIndex as serde::de::Deserialize>::deserialize::__FieldVisitor as serde::de::Visitor>::visit_u8::<rmp_serde::decode::Error>
FN:13,<<sk_store::index::TraceIndex as serde::de::Deserialize>::deserialize::__FieldVisitor as serde::de::Visitor>::visit_i16::<rmp_serde::decode::Error>
FN:44,<sk_store::index::TraceIndex>::is_empty::{closure#0}
FN:13,<<sk_store::index::TraceIndex as serde::de::Deserialize>::deserialize::__FieldVisitor as serde::de::Visitor>::visit_i64::<rmp_serde::decode::Error>
FN:20,<sk_store::index::TraceIndex>::new
FN:28,<sk_store::index::TraceIndex>::flattened_keys
FN:39,<sk_store::index::TraceIndex>::insert
FN:13,<<sk_store::index::TraceIndex as serde::de::Deserialize>::deserialize::__Visitor as serde::de::Visitor>::visit_map::<&mut rmp_serde::decode::MapAccess<rmp_serde::decode::ReadRefReader<[u8]>, rmp_serde::config::DefaultConfig>>
FN:20,<sk_store::index::TraceIndex>::new
FN:13,<<sk_store::index::TraceIndex as serde::de::Deserialize>::deserialize::__Field as serde::de::Deserialize>::deserialize::<serde_json::de::MapKey<serde_json::read::IoRead<std::io::buffered::bufreader::BufReader<std::fs::File>>>>
FN:48,<sk_store::index::TraceIndex>::len::{closure#0}
FN:35,<sk_store::index::TraceIndex>::get
FN:39,<sk_store::index::TraceIndex>::insert
FN:13,<<sk_store::index::TraceIndex as serde::de::Deserialize>::deserialize::__FieldVisitor as serde::de::Visitor>::visit_borrowed_str::<rmp_serde::decode::Error>
FN:13,<<sk_store::index::TraceIndex as serde::de::Deserialize>::deserialize::__FieldVisitor as serde::de::Visitor>::visit_str::<rmp_serde::decode::Error>
FN:13,<<sk_store::index::TraceIndex as serde::de::Deserialize>::deserialize::__FieldVisitor as serde::de::Visitor>::visit_unit::<rmp_serde::decode::Error>
FN:25,<sk_store::index::TraceIndex>::contains::{closure#0}
FN:47,<sk_store::index::TraceIndex>::len
FN:13,<<sk_store::index::TraceIndex as serde::de::Deserialize>::deserialize::__Field as serde::de::Deserialize>::deserialize::<serde_json::de::MapKey<serde_json::read::IoRead<std::io::buffered::bufreader::BufReader<std::fs::File>>>>
FN:13,<<sk_store::index::TraceIndex as serde::de::Deserialize>::deserialize::__Visitor as serde::de::Visitor>::visit_map::<&mut rmp_serde::decode::MapAccess<rmp_serde::decode::ReadRefReader<[u8]>, rmp_serde::config::DefaultConfig>>
FN:13,<<sk_store::index::TraceIndex as serde::de::Deserialize>::deserialize::__FieldVisitor as serde::de::Visitor>::visit_u64::<rmp_serde::decode::Error>
FN:13,<<sk_store::index::TraceIndex as serde::de::Deserialize>::deserialize::__Visitor as serde::de::Visitor>::expecting
FN:35,<sk_store::index::TraceIndex>::get
FN:13,<<sk_store::index::TraceIndex as serde::de::Deserialize>::deserialize::__FieldVisitor as serde::de::Visitor>::visit_bool::<rmp_serde::decode::Error>
FN:13,<<sk_store::index::TraceIndex as serde::de::Deserialize>::deserialize::__FieldVisitor as serde::de::Visitor>::visit_char::<_>
FN:31,<sk_store::index::TraceIndex>::flattened_keys::{closure#0}::{closure#0}
FN:31,<sk_store::index::TraceIndex>::flattened_keys::{closure#0}::{closure#0}
FN:13,<<sk_store::index::TraceIndex as serde::de::Deserialize>::deserialize::__FieldVisitor as serde::de::Visitor>::visit_i8::<rmp_serde::decode::Error>
FN:13,<<sk_store::index::TraceIndex as serde::de::Deserialize>::deserialize::__FieldVisitor as serde::de::Visitor>::visit_f64::<rmp_serde::decode::Error>
FN:13,<<sk_store::index::TraceIndex as serde::de::Deserialize>::deserialize::__FieldVisitor as serde::de::Visitor>::visit_str::<serde_json::error::Error>
FNDA:0,<sk_store::index::TraceIndex>::remove::{closure#0}
FNDA:0,<<sk_store::index::TraceIndex as serde::de::Deserialize>::deserialize::__FieldVisitor as serde::de::Visitor>::visit_borrowed_bytes::<rmp_serde::decode::Error>
FNDA:0,<<sk_store::index::TraceIndex as serde::de::Deserialize>::deserialize::__FieldVisitor as serde::de::Visitor>::visit_char::<_>
FNDA:0,<sk_store::index::TraceIndex>::is_empty
FNDA:1,<sk_store::index::TraceIndex>::contains::{closure#0}
FNDA:0,<<sk_store::index::TraceIndex as serde::de::Deserialize>::deserialize::__FieldVisitor as serde::de::Visitor>::visit_u32::<rmp_serde::decode::Error>
FNDA:0,<<sk_store::index::TraceIndex as serde::de::Deserialize>::deserialize::__FieldVisitor as serde::de::Visitor>::visit_i8::<rmp_serde::decode::Error>
FNDA:1,<<sk_store::index::TraceIndex as serde::de::Deserialize>::deserialize::__Visitor as serde::de::Visitor>::visit_map::<serde_json::de::MapAccess<serde_json::read::IoRead<std::io::buffered::bufreader::BufReader<std::fs::File>>>>
FNDA:1,<sk_store::index::TraceIndex>::new
FNDA:0,<<sk_store::index::TraceIndex as serde::de::Deserialize>::deserialize::__FieldVisitor as serde::de::Visitor>::visit_borrowed_str::<serde_json::error::Error>
FNDA:0,<<sk_store::index::TraceIndex as serde::de::Deserialize>::deserialize::__Visitor as serde::de::Visitor>::expecting
FNDA:1,<<sk_store::index::TraceIndex as serde::de::Deserialize>::deserialize::__FieldVisitor as serde::de::Visitor>::visit_str::<serde_json::error::Error>
FNDA:0,<<sk_store::index::TraceIndex as serde::de::Deserialize>::deserialize::__FieldVisitor as serde::de::Visitor>::visit_i8::<rmp_serde::decode::Error>
FNDA:0,<<sk_store::index::TraceIndex as serde::de::Deserialize>::deserialize::__Field as serde::de::Deserialize>::deserialize::<serde_json::de::MapKey<serde_json::read::IoRead<std::io::buffered::bufreader::BufReader<std::fs::File>>>>
FNDA:0,<sk_store::index::TraceIndex>::take_gvk_index
FNDA:0,<sk_store::index::TraceIndex>::len
FNDA:1,<sk_store::index::TraceIndex>::flattened_keys::{closure#0}
FNDA:0,<<sk_store::index::TraceIndex as serde::de::Deserialize>::deserialize::__FieldVisitor as serde::de::Visitor>::visit_i16::<rmp_serde::decode::Error>
FNDA:0,<<sk_store::index::TraceIndex as serde::de::Deserialize>::deserialize::__Visitor as serde::de::Visitor>::visit_map::<serde_json::de::MapAccess<serde_json::read::IoRead<std::io::buffered::bufreader::BufReader<std::fs::File>>>>
FNDA:1,<<sk_store::index::TraceIndex as serde::de::Deserialize>::deserialize::__Visitor as serde::de::Visitor>::visit_map::<serde_json::de::MapAccess<serde_json::read::IoRead<std::io::buffered::bufreader::BufReader<std::fs::File>>>>
FNDA:0,<<sk_store::index::TraceIndex as serde::de::Deserialize>::deserialize::__FieldVisitor as serde::de::Visitor>::visit_char::<_>
FNDA:0,<sk_store::index::TraceIndex>::is_empty::{closure#0}
FNDA:0,<<sk_store::index::TraceIndex as serde::de::Deserialize>::deserialize::__FieldVisitor as serde::de::Visitor>::visit_f64::<rmp_serde::decode::Error>
FNDA:0,<<sk_store::index::TraceIndex as serde::de::Deserialize>::deserialize::__FieldVisitor as serde::de::Visitor>::visit_u8::<rmp_serde::decode::Error>
FNDA:0,<sk_store::index::TraceIndex>::is_empty::{closure#0}
FNDA:1,<sk_store::index::TraceIndex>::remove::{closure#0}
FNDA:1,<sk_store::index::TraceIndex>::flattened_keys
FNDA:0,<<sk_store::index::TraceIndex as serde::de::Deserialize>::deserialize::__FieldVisitor as serde::de::Visitor>::visit_bool::<rmp_serde::decode::Error>
FNDA:0,<sk_store::index::TraceIndex>::contains
FNDA:0,<<sk_store::index::TraceIndex as serde::de::Deserialize>::deserialize::__Visitor as serde::de::Visitor>::visit_map::<&mut rmp_serde::decode::MapAccess<rmp_serde::decode::ReadRefReader<[u8]>, rmp_serde::config::DefaultConfig>>
FNDA:1,<sk_store::index::TraceIndex>::insert
FNDA:0,<<sk_store::index::TraceIndex as serde::de::Deserialize>::deserialize::__FieldVisitor as serde::de::Visitor>::visit_i32::<rmp_serde::decode::Error>
FNDA:0,<<sk_store::index::TraceIndex as serde::de::Deserialize>::deserialize::__FieldVisitor as serde::de::Visitor>::visit_u64::<rmp_serde::decode::Error>
FNDA:0,<<sk_store::index::TraceIndex as serde::de::Deserialize>::deserialize::__FieldVisitor as serde::de::Visitor>::visit_i32::<rmp_serde::decode::Error>
FNDA:0,<<sk_store::index::TraceIndex as serde::de::Deserialize>::deserialize::__FieldVisitor as serde::de::Visitor>::visit_u16::<rmp_serde::decode::Error>
FNDA:0,<<sk_store::index::TraceIndex as serde::de::Deserialize>::deserialize::__FieldVisitor as serde::de::Visitor>::visit_i64::<rmp_serde::decode::Error>
FNDA:0,<<sk_store::index::TraceIndex as serde::de::Deserialize>::deserialize::__FieldVisitor as serde::de::Visitor>::visit_borrowed_str::<serde_json::error::Error>
FNDA:1,<sk_store::index::TraceIndex>::contains
FNDA:0,<sk_store::index::TraceIndex>::remove::{closure#0}
FNDA:0,<<sk_store::index::TraceIndex as serde::de::Deserialize>::deserialize::__FieldVisitor as serde::de::Visitor>::visit_bytes::<rmp_serde::decode::Error>
FNDA:1,<<sk_store::index::TraceIndex as serde::de::Deserialize>::deserialize::__FieldVisitor as serde::de::Visitor>::visit_borrowed_str::<rmp_serde::decode::Error>
FNDA:1,<<sk_store::index::TraceIndex as serde::de::Deserialize>::deserialize::__Field as serde::de::Deserialize>::deserialize::<&mut rmp_serde::decode::Deserializer<rmp_serde::decode::ReadRefReader<[u8]>>>
FNDA:0,<<sk_store::index::TraceIndex as serde::de::Deserialize>::deserialize::__FieldVisitor as serde::de::Visitor>::visit_str::<rmp_serde::decode::Error>
FNDA:0,<sk_store::index::TraceIndex>::take_gvk_index
FNDA:0,<<sk_store::index::TraceIndex as serde::de::Deserialize>::deserialize::__FieldVisitor as serde::de::Visitor>::visit_bool::<rmp_serde::decode::Error>
FNDA:0,<sk_store::index::TraceIndex>::len
FNDA:0,<<sk_store::index::TraceIndex as serde::de::Deserialize>::deserialize::__FieldVisitor as serde::de::Visitor>::visit_bytes::<rmp_serde::decode::Error>
FNDA:1,<sk_store::index::TraceIndex>::take_gvk_index
FNDA:0,<<sk_store::index::TraceIndex as serde::de::Deserialize>::deserialize::__FieldVisitor as serde::de::Visitor>::visit_unit::<rmp_serde::decode::Error>
FNDA:0,<sk_store::index::TraceIndex>::len::{closure#0}
FNDA:0,<<sk_store::index::TraceIndex as serde::de::Deserialize>::deserialize::__FieldVisitor as serde::de::Visitor>::visit_f32::<rmp_serde::decode::Error>
FNDA:0,<<sk_store::index::TraceIndex as serde::de::Deserialize>::deserialize::__Visitor as serde::de::Visitor>::expecting
FNDA:0,<<sk_store::index::TraceIndex as serde::de::Deserialize>::deserialize::__FieldVisitor as serde::de::Visitor>::visit_str::<rmp_serde::decode::Error>
FNDA:0,<<sk_store::index::TraceIndex as serde::de::Deserialize>::deserialize::__FieldVisitor as serde::de::Visitor>::visit_f32::<rmp_serde::decode::Error>
FNDA:0,<sk_store::index::TraceIndex>::contains
FNDA:0,<<sk_store::index::TraceIndex as serde::de::Deserialize>::deserialize::__FieldVisitor as serde::de::Visitor>::visit_borrowed_bytes::<rmp_serde::decode::Error>
FNDA:0,<sk_store::index::TraceIndex>::flattened_keys::{closure#0}
FNDA:0,<<sk_store::index::TraceIndex as serde::de::Deserialize>::deserialize::__FieldVisitor as serde::de::Visitor>::visit_i64::<rmp_serde::decode::Error>
FNDA:0,<<sk_store::index::TraceIndex as serde::de::Deserialize>::deserialize::__FieldVisitor as serde::de::Visitor>::expecting
FNDA:0,<<sk_store::index::TraceIndex as serde::de::Deserialize>::deserialize::__FieldVisitor as serde::de::Visitor>::visit_i16::<rmp_serde::decode::Error>
FNDA:0,<<sk_store::index::TraceIndex as serde::de::Deserialize>::deserialize::__FieldVisitor as serde::de::Visitor>::expecting
FNDA:0,<sk_store::index::TraceIndex>::flattened_keys::{closure#0}
FNDA:0,<<sk_store::index::TraceIndex as serde::de::Deserialize>::deserialize::__FieldVisitor as serde::de::Visitor>::visit_f64::<rmp_serde::decode::Error>
FNDA:0,<sk_store::index::TraceIndex>::len::{closure#0}
FNDA:0,<<sk_store::index::TraceIndex as serde::de::Deserialize>::deserialize::__FieldVisitor as serde::de::Visitor>::visit_u16::<rmp_serde::decode::Error>
FNDA:0,<<sk_store::index::TraceIndex as serde::de::Deserialize>::deserialize::__FieldVisitor as serde::de::Visitor>::visit_u8::<rmp_serde::decode::Error>
FNDA:0,<<sk_store::index::TraceIndex as serde::de::Deserialize>::deserialize::__FieldVisitor as serde::de::Visitor>::visit_borrowed_bytes::<rmp_serde::decode::Error>
FNDA:0,<<sk_store::index::TraceIndex as serde::de::Deserialize>::deserialize::__FieldVisitor as serde::de::Visitor>::visit_u64::<rmp_serde::decode::Error>
FNDA:0,<<sk_store::index::TraceIndex as serde::de::Deserialize>::deserialize::__Field as serde::de::Deserialize>::deserialize::<&mut rmp_serde::decode::Deserializer<rmp_serde::decode::ReadRefReader<[u8]>>>
FNDA:0,<<sk_store::index::TraceIndex as serde::de::Deserialize>::deserialize::__FieldVisitor as serde::de::Visitor>::expecting
FNDA:0,<<sk_store::index::TraceIndex as serde::de::Deserialize>::deserialize::__FieldVisitor as serde::de::Visitor>::visit_borrowed_str::<rmp_serde::decode::Error>
FNDA:0,<<sk_store::index::TraceIndex as serde::de::Deserialize>::deserialize::__FieldVisitor as serde::de::Visitor>::visit_f32::<rmp_serde::decode::Error>
FNDA:1,<<sk_store::index::TraceIndex as serde::de::Deserialize>::deserialize::__Field as serde::de::Deserialize>::deserialize::<&mut rmp_serde::decode::Deserializer<rmp_serde::decode::ReadRefReader<[u8]>>>
FNDA:0,<<sk_store::index::TraceIndex as serde::de::Deserialize>::deserialize::__FieldVisitor as serde::de::Visitor>::visit_unit::<rmp_serde::decode::Error>
FNDA:0,<<sk_store::index::TraceIndex as serde::de::Deserialize>::deserialize::__FieldVisitor as serde::de::Visitor>::visit_borrowed_str::<serde_json::error::Error>
FNDA:0,<sk_store::index::TraceIndex>::contains::{closure#0}
FNDA:0,<<sk_store::index::TraceIndex as serde::de::Deserialize>::deserialize::__FieldVisitor as serde::de::Visitor>::visit_bytes::<rmp_serde::decode::Error>
FNDA:0,<<sk_store::index::TraceIndex as serde::de::Deserialize>::deserialize::__FieldVisitor as serde::de::Visitor>::visit_u16::<rmp_serde::decode::Error>
FNDA:0,<sk_store::index::TraceIndex>::remove
FNDA:1,<sk_store::index::TraceIndex>::is_empty
FNDA:0,<<sk_store::index::TraceIndex as serde::de::Deserialize>::deserialize::__FieldVisitor as serde::de::Visitor>::visit_i32::<rmp_serde::decode::Error>
FNDA:0,<sk_store::index::TraceIndex>::flattened_keys
FNDA:0,<<sk_store::index::TraceIndex as serde::de::Deserialize>::deserialize::__FieldVisitor as serde::de::Visitor>::visit_str::<serde_json::error::Error>
FNDA:0,<sk_store::index::TraceIndex>::remove
FNDA:0,<<sk_store::index::TraceIndex as serde::de::Deserialize>::deserialize::__FieldVisitor as serde::de::Visitor>::visit_u32::<rmp_serde::decode::Error>
FNDA:0,<sk_store::index::TraceIndex>::flattened_keys::{closure#0}::{closure#0}
FNDA:0,<sk_store::index::TraceIndex>::is_empty
FNDA:1,<sk_store::index::TraceIndex>::remove
FNDA:0,<sk_store::index::TraceIndex>::get
FNDA:0,<<sk_store::index::TraceIndex as serde::de::Deserialize>::deserialize::__FieldVisitor as serde::de::Visitor>::visit_u32::<rmp_serde::decode::Error>
FNDA:0,<<sk_store::index::TraceIndex as serde::de::Deserialize>::deserialize::__FieldVisitor as serde::de::Visitor>::visit_u8::<rmp_serde::decode::Error>
FNDA:0,<<sk_store::index::TraceIndex as serde::de::Deserialize>::deserialize::__FieldVisitor as serde::de::Visitor>::visit_i16::<rmp_serde::decode::Error>
FNDA:0,<sk_store::index::TraceIndex>::is_empty::{closure#0}
FNDA:0,<<sk_store::index::TraceIndex as serde::de::Deserialize>::deserialize::__FieldVisitor as serde::de::Visitor>::visit_i64::<rmp_serde::decode::Error>
FNDA:0,<sk_store::index::TraceIndex>::new
FNDA:0,<sk_store::index::TraceIndex>::flattened_keys
FNDA:0,<sk_store::index::TraceIndex>::insert
FNDA:1,<<sk_store::index::TraceIndex as serde::de::Deserialize>::deserialize::__Visitor as serde::de::Visitor>::visit_map::<&mut rmp_serde::decode::MapAccess<rmp_serde::decode::ReadRefReader<[u8]>, rmp_serde::config::DefaultConfig>>
FNDA:1,<sk_store::index::TraceIndex>::new
FNDA:1,<<sk_store::index::TraceIndex as serde::de::Deserialize>::deserialize::__Field as serde::de::Deserialize>::deserialize::<serde_json::de::MapKey<serde_json::read::IoRead<std::io::buffered::bufreader::BufReader<std::fs::File>>>>
FNDA:1,<sk_store::index::TraceIndex>::len::{closure#0}
FNDA:0,<sk_store::index::TraceIndex>::get
FNDA:0,<sk_store::index::TraceIndex>::insert
FNDA:1,<<sk_store::index::TraceIndex as serde::de::Deserialize>::deserialize::__FieldVisitor as serde::de::Visitor>::visit_borrowed_str::<rmp_serde::decode::Error>
FNDA:0,<<sk_store::index::TraceIndex as serde::de::Deserialize>::deserialize::__FieldVisitor as serde::de::Visitor>::visit_str::<rmp_serde::decode::Error>
FNDA:0,<<sk_store::index::TraceIndex as serde::de::Deserialize>::deserialize::__FieldVisitor as serde::de::Visitor>::visit_unit::<rmp_serde::decode::Error>
FNDA:0,<sk_store::index::TraceIndex>::contains::{closure#0}
FNDA:1,<sk_store::index::TraceIndex>::len
FNDA:1,<<sk_store::index::TraceIndex as serde::de::Deserialize>::deserialize::__Field as serde::de::Deserialize>::deserialize::<serde_json::de::MapKey<serde_json::read::IoRead<std::io::buffered::bufreader::BufReader<std::fs::File>>>>
FNDA:1,<<sk_store::index::TraceIndex as serde::de::Deserialize>::deserialize::__Visitor as serde::de::Visitor>::visit_map::<&mut rmp_serde::decode::MapAccess<rmp_serde::decode::ReadRefReader<[u8]>, rmp_serde::config::DefaultConfig>>
FNDA:0,<<sk_store::index::TraceIndex as serde::de::Deserialize>::deserialize::__FieldVisitor as serde::de::Visitor>::visit_u64::<rmp_serde::decode::Error>
FNDA:0,<<sk_store::index::TraceIndex as serde::de::Deserialize>::deserialize::__Visitor as serde::de::Visitor>::expecting
FNDA:1,<sk_store::index::TraceIndex>::get
FNDA:0,<<sk_store::index::TraceIndex as serde::de::Deserialize>::deserialize::__FieldVisitor as serde::de::Visitor>::visit_bool::<rmp_serde::decode::Error>
FNDA:0,<<sk_store::index::TraceIndex as serde::de::Deserialize>::deserialize::__FieldVisitor as serde::de::Visitor>::visit_char::<_>
FNDA:0,<sk_store::index::TraceIndex>::flattened_keys::{closure#0}::{closure#0}
FNDA:1,<sk_store::index::TraceIndex>::flattened_keys::{closure#0}::{closure#0}
FNDA:0,<<sk_store::index::TraceIndex as serde::de::Deserialize>::deserialize::__FieldVisitor as serde::de::Visitor>::visit_i8::<rmp_serde::decode::Error>
FNDA:0,<<sk_store::index::TraceIndex as serde::de::Deserialize>::deserialize::__FieldVisitor as serde::de::Visitor>::visit_f64::<rmp_serde::decode::Error>
FNDA:1,<<sk_store::index::TraceIndex as serde::de::Deserialize>::deserialize::__FieldVisitor as serde::de::Visitor>::visit_str::<serde_json::error::Error>
FNF:120
FNH:27
BRF:0
BRH:0
DA:20,17
DA:21,17
DA:22,17
DA:24,7
DA:25,7
DA:26,7
DA:28,5
DA:29,5
DA:30,5
DA:31,31
DA:32,5
DA:33,5
DA:35,59
DA:36,59
DA:37,59
DA:39,120
DA:40,120
DA:41,120
DA:43,1
DA:44,1
DA:45,1
DA:47,7
DA:48,8
DA:49,7
DA:51,18
DA:52,18
DA:53,18
DA:54,18
DA:55,18
DA:57,10
DA:58,10
DA:59,10
LF:32
LH:32
end_of_record
SF:sk-core/src/k8s/sim.rs
FN:30,sk_core::k8s::sim::build_simulation_root
FN:30,sk_core::k8s::sim::build_simulation_root
FN:26,sk_core::k8s::sim::is_terminal
FN:19,sk_core::k8s::sim::metrics_svc_account
FN:19,sk_core::k8s::sim::metrics_svc_account
FN:19,sk_core::k8s::sim::metrics_svc_account
FN:12,sk_core::k8s::sim::metrics_ns
FN:26,sk_core::k8s::sim::is_terminal
FN:12,sk_core::k8s::sim::metrics_ns
FN:12,sk_core::k8s::sim::metrics_ns
FN:30,sk_core::k8s::sim::build_simulation_root
FN:26,sk_core::k8s::sim::is_terminal
FNDA:0,sk_core::k8s::sim::build_simulation_root
FNDA:0,sk_core::k8s::sim::build_simulation_root
FNDA:1,sk_core::k8s::sim::is_terminal
FNDA:0,sk_core::k8s::sim::metrics_svc_account
FNDA:0,sk_core::k8s::sim::metrics_svc_account
FNDA:1,sk_core::k8s::sim::metrics_svc_account
FNDA:0,sk_core::k8s::sim::metrics_ns
FNDA:0,sk_core::k8s::sim::is_terminal
FNDA:1,sk_core::k8s::sim::metrics_ns
FNDA:0,sk_core::k8s::sim::metrics_ns
FNDA:0,sk_core::k8s::sim::build_simulation_root
FNDA:0,sk_core::k8s::sim::is_terminal
FNF:12
FNH:3
BRF:0
BRH:0
DA:12,63
DA:13,56
DA:14,0
DA:15,63
DA:17,63
DA:19,28
DA:20,28
DA:21,0
DA:22,28
DA:24,28
DA:26,49
DA:27,49
DA:28,49
DA:30,0
DA:31,0
DA:32,0
DA:33,0
DA:34,0
DA:35,0
DA:36,0
LF:20
LH:11
end_of_record
SF:sk-ctrl/src/errors.rs
FN:17,<sk_ctrl::errors::AnyhowError as core::ops::deref::Deref>::deref
FNDA:0,<sk_ctrl::errors::AnyhowError as core::ops::deref::Deref>::deref
FNF:1
FNH:0
BRF:0
BRH:0
DA:17,0
DA:18,0
DA:19,0
LF:3
LH:0
end_of_record
SF:sk-cli/src/validation/annotated_trace.rs
FN:175,<skctl::validation::annotated_trace::AnnotatedTrace>::path
FN:64,<skctl::validation::annotated_trace::AnnotatedTraceEvent>::clear_annotations
FN:262,<skctl::validation::annotated_trace::AnnotatedTrace>::new_with_events
FN:135,<skctl::validation::annotated_trace::AnnotatedTrace>::get_event
FN:179,<skctl::validation::annotated_trace::AnnotatedTrace>::start_ts
FN:198,<skctl::validation::annotated_trace::AnnotatedTrace>::matched_objects::{closure#0}
FN:204,<skctl::validation::annotated_trace::AnnotatedTrace>::matched_objects::{closure#1}
FN:191,<skctl::validation::annotated_trace::AnnotatedTrace>::matched_objects
FN:171,<skctl::validation::annotated_trace::AnnotatedTrace>::len
FN:227,skctl::validation::annotated_trace::find_or_create_event_at_ts
FN:114,<skctl::validation::annotated_trace::AnnotatedTrace>::validate
FN:254,<skctl::validation::annotated_trace::AnnotatedTrace>::new_with_events
FN:85,<skctl::validation::annotated_trace::AnnotatedTrace>::new::{closure#0}::{closure#0}
FN:199,<skctl::validation::annotated_trace::AnnotatedTrace>::matched_objects::{closure#0}::{closure#0}
FN:175,<skctl::validation::annotated_trace::AnnotatedTrace>::path
FN:85,<skctl::validation::annotated_trace::AnnotatedTrace>::new::{closure#0}::{closure#0}
FN:81,<skctl::validation::annotated_trace::AnnotatedTrace>::new::{closure#0}
FN:94,<skctl::validation::annotated_trace::AnnotatedTrace>::apply_patch
FN:163,<skctl::validation::annotated_trace::AnnotatedTrace>::is_empty_at::{closure#0}
FN:139,<skctl::validation::annotated_trace::AnnotatedTrace>::get_next_annotation
FN:180,<skctl::validation::annotated_trace::AnnotatedTrace>::start_ts::{closure#0}
FN:179,<skctl::validation::annotated_trace::AnnotatedTrace>::start_ts
FN:60,<skctl::validation::annotated_trace::AnnotatedTraceEvent>::new
FN:110,<skctl::validation::annotated_trace::AnnotatedTrace>::export::{closure#0}
FN:60,<skctl::validation::annotated_trace::AnnotatedTraceEvent>::new
FN:94,<skctl::validation::annotated_trace::AnnotatedTrace>::apply_patch
FN:160,<skctl::validation::annotated_trace::AnnotatedTrace>::is_empty_at
FN:167,<skctl::validation::annotated_trace::AnnotatedTrace>::iter
FN:198,<skctl::validation::annotated_trace::AnnotatedTrace>::matched_objects::{closure#0}
FN:233,skctl::validation::annotated_trace::find_or_create_event_at_ts::{closure#0}
FN:107,<skctl::validation::annotated_trace::AnnotatedTrace>::export
FN:150,<skctl::validation::annotated_trace::AnnotatedTrace>::get_object
FN:183,<skctl::validation::annotated_trace::AnnotatedTrace>::object_iter_mut
FN:160,<skctl::validation::annotated_trace::AnnotatedTrace>::is_empty_at
FN:180,<skctl::validation::annotated_trace::AnnotatedTrace>::start_ts::{closure#0}
FN:163,<skctl::validation::annotated_trace::AnnotatedTrace>::is_empty_at::{closure#0}
FN:171,<skctl::validation::annotated_trace::AnnotatedTrace>::len
FN:135,<skctl::validation::annotated_trace::AnnotatedTrace>::get_event
FN:186,<skctl::validation::annotated_trace::AnnotatedTrace>::object_iter_mut::{closure#0}
FN:81,<skctl::validation::annotated_trace::AnnotatedTrace>::new::{closure#0}
FN:121,<skctl::validation::annotated_trace::AnnotatedTrace>::validate::{closure#0}
FN:64,<skctl::validation::annotated_trace::AnnotatedTraceEvent>::clear_annotations
FN:110,<skctl::validation::annotated_trace::AnnotatedTrace>::export::{closure#0}
FN:199,<skctl::validation::annotated_trace::AnnotatedTrace>::matched_objects::{closure#0}::{closure#0}
FN:183,<skctl::validation::annotated_trace::AnnotatedTrace>::object_iter_mut
FN:107,<skctl::validation::annotated_trace::AnnotatedTrace>::export
FN:150,<skctl::validation::annotated_trace::AnnotatedTrace>::get_object
FN:191,<skctl::validation::annotated_trace::AnnotatedTrace>::matched_objects
FN:186,<skctl::validation::annotated_trace::AnnotatedTrace>::object_iter_mut::{closure#0}
FN:81,<skctl::validation::annotated_trace::AnnotatedTrace>::new
FN:121,<skctl::validation::annotated_trace::AnnotatedTrace>::validate::{closure#0}
FN:114,<skctl::validation::annotated_trace::AnnotatedTrace>::validate
FN:167,<skctl::validation::annotated_trace::AnnotatedTrace>::iter
FN:139,<skctl::validation::annotated_trace::AnnotatedTrace>::get_next_annotation
FN:81,<skctl::validation::annotated_trace::AnnotatedTrace>::new
FNDA:0,<skctl::validation::annotated_trace::AnnotatedTrace>::path
FNDA:1,<skctl::validation::annotated_trace::AnnotatedTraceEvent>::clear_annotations
FNDA:0,<skctl::validation::annotated_trace::AnnotatedTrace>::new_with_events
FNDA:1,<skctl::validation::annotated_trace::AnnotatedTrace>::get_event
FNDA:1,<skctl::validation::annotated_trace::AnnotatedTrace>::start_ts
FNDA:0,<skctl::validation::annotated_trace::AnnotatedTrace>::matched_objects::{closure#0}
FNDA:0,<skctl::validation::annotated_trace::AnnotatedTrace>::matched_objects::{closure#1}
FNDA:1,<skctl::validation::annotated_trace::AnnotatedTrace>::matched_objects
FNDA:1,<skctl::validation::annotated_trace::AnnotatedTrace>::len
FNDA:1,skctl::validation::annotated_trace::find_or_create_event_at_ts
FNDA:1,<skctl::validation::annotated_trace::AnnotatedTrace>::validate
FNDA:1,<skctl::validation::annotated_trace::AnnotatedTrace>::new_with_events
FNDA:0,<skctl::validation::annotated_trace::AnnotatedTrace>::new::{closure#0}::{closure#0}
FNDA:0,<skctl::validation::annotated_trace::AnnotatedTrace>::matched_objects::{closure#0}::{closure#0}
FNDA:1,<skctl::validation::annotated_trace::AnnotatedTrace>::path
FNDA:0,<skctl::validation::annotated_trace::AnnotatedTrace>::new::{closure#0}::{closure#0}
FNDA:0,<skctl::validation::annotated_trace::AnnotatedTrace>::new::{closure#0}
FNDA:0,<skctl::validation::annotated_trace::AnnotatedTrace>::apply_patch
FNDA:0,<skctl::validation::annotated_trace::AnnotatedTrace>::is_empty_at::{closure#0}
FNDA:0,<skctl::validation::annotated_trace::AnnotatedTrace>::get_next_annotation
FNDA:0,<skctl::validation::annotated_trace::AnnotatedTrace>::start_ts::{closure#0}
FNDA:0,<skctl::validation::annotated_trace::AnnotatedTrace>::start_ts
FNDA:0,<skctl::validation::annotated_trace::AnnotatedTraceEvent>::new
FNDA:0,<skctl::validation::annotated_trace::AnnotatedTrace>::export::{closure#0}
FNDA:1,<skctl::validation::annotated_trace::AnnotatedTraceEvent>::new
FNDA:1,<skctl::validation::annotated_trace::AnnotatedTrace>::apply_patch
FNDA:0,<skctl::validation::annotated_trace::AnnotatedTrace>::is_empty_at
FNDA:1,<skctl::validation::annotated_trace::AnnotatedTrace>::iter
FNDA:1,<skctl::validation::annotated_trace::AnnotatedTrace>::matched_objects::{closure#0}
FNDA:1,skctl::validation::annotated_trace::find_or_create_event_at_ts::{closure#0}
FNDA:0,<skctl::validation::annotated_trace::AnnotatedTrace>::export
FNDA:0,<skctl::validation::annotated_trace::AnnotatedTrace>::get_object
FNDA:0,<skctl::validation::annotated_trace::AnnotatedTrace>::object_iter_mut
FNDA:1,<skctl::validation::annotated_trace::AnnotatedTrace>::is_empty_at
FNDA:1,<skctl::validation::annotated_trace::AnnotatedTrace>::start_ts::{closure#0}
FNDA:1,<skctl::validation::annotated_trace::AnnotatedTrace>::is_empty_at::{closure#0}
FNDA:0,<skctl::validation::annotated_trace::AnnotatedTrace>::len
FNDA:0,<skctl::validation::annotated_trace::AnnotatedTrace>::get_event
FNDA:1,<skctl::validation::annotated_trace::AnnotatedTrace>::object_iter_mut::{closure#0}
FNDA:0,<skctl::validation::annotated_trace::AnnotatedTrace>::new::{closure#0}
FNDA:1,<skctl::validation::annotated_trace::AnnotatedTrace>::validate::{closure#0}
FNDA:0,<skctl::validation::annotated_trace::AnnotatedTraceEvent>::clear_annotations
FNDA:0,<skctl::validation::annotated_trace::AnnotatedTrace>::export::{closure#0}
FNDA:1,<skctl::validation::annotated_trace::AnnotatedTrace>::matched_objects::{closure#0}::{closure#0}
FNDA:1,<skctl::validation::annotated_trace::AnnotatedTrace>::object_iter_mut
FNDA:0,<skctl::validation::annotated_trace::AnnotatedTrace>::export
FNDA:0,<skctl::validation::annotated_trace::AnnotatedTrace>::get_object
FNDA:0,<skctl::validation::annotated_trace::AnnotatedTrace>::matched_objects
FNDA:0,<skctl::validation::annotated_trace::AnnotatedTrace>::object_iter_mut::{closure#0}
FNDA:0,<skctl::validation::annotated_trace::AnnotatedTrace>::new
FNDA:0,<skctl::validation::annotated_trace::AnnotatedTrace>::validate::{closure#0}
FNDA:0,<skctl::validation::annotated_trace::AnnotatedTrace>::validate
FNDA:0,<skctl::validation::annotated_trace::AnnotatedTrace>::iter
FNDA:1,<skctl::validation::annotated_trace::AnnotatedTrace>::get_next_annotation
FNDA:0,<skctl::validation::annotated_trace::AnnotatedTrace>::new
FNF:55
FNH:22
BRF:0
BRH:0
DA:60,952
DA:61,952
DA:62,952
DA:64,922
DA:65,922
DA:66,922
DA:81,0
DA:82,0
DA:83,0
DA:84,0
DA:85,0
DA:86,0
DA:87,0
DA:88,0
DA:89,0
DA:90,0
DA:91,0
DA:92,0
DA:94,4
DA:95,4
DA:96,14
DA:97,14
DA:98,28
DA:99,14
DA:102,4
DA:103,4
DA:104,4
DA:105,4
DA:107,0
DA:108,0
DA:109,0
DA:110,0
DA:111,0
DA:112,0
DA:114,18
DA:115,18
DA:116,922
DA:117,922
DA:118,922
DA:119,922
DA:120,922
DA:121,922
DA:123,969
DA:124,47
DA:125,47
DA:126,47
DA:127,47
DA:128,47
DA:129,47
DA:132,18
DA:133,18
DA:135,8
DA:136,8
DA:137,8
DA:139,2
DA:140,8
DA:141,7
DA:142,1
DA:143,1
DA:144,0
DA:147,1
DA:148,2
DA:150,0
DA:151,0
DA:152,0
DA:153,0
DA:154,0
DA:156,0
DA:158,0
DA:160,2
DA:161,2
DA:162,2
DA:163,2
DA:164,2
DA:165,2
DA:167,19
DA:168,19
DA:169,19
DA:171,15
DA:172,15
DA:173,15
DA:175,15
DA:176,15
DA:177,15
DA:179,16
DA:180,16
DA:181,16
DA:183,3
DA:184,3
DA:185,3
DA:186,12
DA:187,3
DA:191,4
DA:192,4
DA:193,4
DA:194,4
DA:195,4
DA:196,2
DA:197,1
DA:198,5
DA:199,5
DA:200,5
DA:202,1
DA:203,1
DA:204,1
DA:205,1
DA:206,1
DA:207,1
DA:208,1
DA:209,1
DA:210,1
DA:211,1
DA:213,1
DA:214,1
DA:215,0
DA:217,0
DA:218,0
DA:220,0
DA:221,1
DA:222,0
DA:223,0
DA:224,4
DA:225,0
DA:227,6
DA:228,6
DA:229,6
DA:230,6
DA:231,6
DA:232,6
DA:233,12
DA:234,5
DA:235,5
DA:236,5
DA:237,5
DA:238,3
DA:239,3
DA:241,2
DA:246,1
DA:247,1
DA:250,6
DA:262,0
DA:263,0
DA:264,0
LF:143
LH:107
end_of_record
SF:sk-cli/src/crd.rs
FN:3,skctl::crd::cmd
FN:3,skctl::crd::cmd
FNDA:0,skctl::crd::cmd
FNDA:0,skctl::crd::cmd
FNF:2
FNH:0
BRF:0
BRH:0
DA:3,0
DA:4,0
DA:5,0
DA:7,0
DA:8,0
LF:5
LH:0
end_of_record
SF:sk-tracer/src/errors.rs
FN:22,<sk_tracer::errors::ExportResponseError as core::convert::From<anyhow::Error>>::from
FN:9,<sk_tracer::errors::ExportResponseError as rocket::response::responder::Responder>::respond_to
FN:40,<sk_tracer::errors::ExportResponseError as core::convert::From<object_store::Error>>::from
FN:34,<sk_tracer::errors::ExportResponseError as core::convert::From<url::parser::ParseError>>::from
FN:28,<sk_tracer::errors::ExportResponseError as core::convert::From<std::sync::poison::PoisonError<std::sync::mutex::MutexGuard<sk_store::store::TraceStore>>>>::from
FNDA:0,<sk_tracer::errors::ExportResponseError as core::convert::From<anyhow::Error>>::from
FNDA:0,<sk_tracer::errors::ExportResponseError as rocket::response::responder::Responder>::respond_to
FNDA:0,<sk_tracer::errors::ExportResponseError as core::convert::From<object_store::Error>>::from
FNDA:0,<sk_tracer::errors::ExportResponseError as core::convert::From<url::parser::ParseError>>::from
FNDA:0,<sk_tracer::errors::ExportResponseError as core::convert::From<std::sync::poison::PoisonError<std::sync::mutex::MutexGuard<sk_store::store::TraceStore>>>>::from
FNF:5
FNH:0
BRF:0
BRH:0
DA:22,0
DA:23,0
DA:24,0
DA:28,0
DA:29,0
DA:30,0
DA:34,0
DA:35,0
DA:36,0
DA:40,0
DA:41,0
DA:43,0
DA:45,0
DA:47,0
LF:14
LH:0
end_of_record
SF:sk-core/src/k8s/gvk.rs
FN:118,<sk_core::k8s::gvk::GVK as serde::de::Deserialize>::deserialize::<serde::de::value::U8Deserializer<rmp_serde::decode::Error>>
FN:38,<sk_core::k8s::gvk::GVK>::from_owner_ref
FN:50,<sk_core::k8s::gvk::GVK>::into_type_meta
FN:118,<sk_core::k8s::gvk::GVK as serde::de::Deserialize>::deserialize::<&mut rmp_serde::decode::Deserializer<rmp_serde::decode::ReadRefReader<[u8]>>>
FN:79,<sk_core::k8s::gvk::GVK as serde::ser::Serialize>::serialize::<rmp_serde::bytes::OnlyBytes>
FN:27,<sk_core::k8s::gvk::GVK>::new
FN:62,<sk_core::k8s::gvk::GVK as core::ops::deref::Deref>::deref
FN:79,<sk_core::k8s::gvk::GVK as serde::ser::Serialize>::serialize::<&mut serde_json::ser::Serializer<&mut alloc::vec::Vec<u8>>>
FN:68,<sk_core::k8s::gvk::GVK as core::fmt::Display>::fmt
FN:31,<sk_core::k8s::gvk::GVK>::from_dynamic_obj
FN:68,<sk_core::k8s::gvk::GVK as core::fmt::Display>::fmt
FN:97,<sk_core::k8s::gvk::GVKVisitor as serde::de::Visitor>::visit_str::<serde::de::value::Error>
FN:68,<sk_core::k8s::gvk::GVK as core::fmt::Display>::fmt
FN:97,<sk_core::k8s::gvk::GVKVisitor as serde::de::Visitor>::visit_str::<rmp_serde::decode::Error>
FN:118,<sk_core::k8s::gvk::GVK as serde::de::Deserialize>::deserialize::<&mut rmp_serde::decode::Deserializer<rmp_serde::decode::ReadRefReader<[u8]>>>
FN:138,sk_core::k8s::gvk::test::test_serialize::test_serialize
FN:79,<sk_core::k8s::gvk::GVK as serde::ser::Serialize>::serialize::<&mut rmp_serde::encode::Serializer<&mut rmp_serde::encode::FallibleWriter>>
FN:79,<sk_core::k8s::gvk::GVK as serde::ser::Serialize>::serialize::<_>
FN:79,<sk_core::k8s::gvk::GVK as serde::ser::Serialize>::serialize::<&mut rmp_serde::encode::Serializer<&mut rmp_serde::encode::FallibleWriter>>
FN:79,<sk_core::k8s::gvk::GVK as serde::ser::Serialize>::serialize::<&mut serde_json::ser::Serializer<&mut alloc::vec::Vec<u8>>>
FN:93,<sk_core::k8s::gvk::GVKVisitor as serde::de::Visitor>::expecting
FN:50,<sk_core::k8s::gvk::GVK>::into_type_meta
FN:62,<sk_core::k8s::gvk::GVK as core::ops::deref::Deref>::deref
FN:118,<sk_core::k8s::gvk::GVK as serde::de::Deserialize>::deserialize::<&mut serde_yaml::de::DeserializerFromEvents>
FN:79,<sk_core::k8s::gvk::GVK as serde::ser::Serialize>::serialize::<&mut rmp_serde::encode::Serializer<alloc::vec::Vec<u8>>>
FN:118,<sk_core::k8s::gvk::GVK as serde::de::Deserialize>::deserialize::<&mut rmp_serde::decode::Deserializer<rmp_serde::decode::ReadRefReader<[u8]>>>
FN:118,<sk_core::k8s::gvk::GVK as serde::de::Deserialize>::deserialize::<serde_json::de::MapKey<serde_json::read::IoRead<std::io::buffered::bufreader::BufReader<std::fs::File>>>>
FN:27,<sk_core::k8s::gvk::GVK>::new
FN:118,<sk_core::k8s::gvk::GVK as serde::de::Deserialize>::deserialize::<serde_json::de::MapKey<serde_json::read::IoRead<std::io::buffered::bufreader::BufReader<std::fs::File>>>>
FN:146,sk_core::k8s::gvk::test::test_deserialize::test_deserialize
FN:93,<sk_core::k8s::gvk::GVKVisitor as serde::de::Visitor>::expecting
FN:118,<sk_core::k8s::gvk::GVK as serde::de::Deserialize>::deserialize::<serde::de::value::U8Deserializer<rmp_serde::decode::Error>>
FN:38,<sk_core::k8s::gvk::GVK>::from_owner_ref
FN:27,<sk_core::k8s::gvk::GVK>::new
FN:31,<sk_core::k8s::gvk::GVK>::from_dynamic_obj
FN:62,<sk_core::k8s::gvk::GVK as core::ops::deref::Deref>::deref
FN:50,<sk_core::k8s::gvk::GVK>::into_type_meta
FN:97,<sk_core::k8s::gvk::GVKVisitor as serde::de::Visitor>::visit_str::<rmp_serde::decode::Error>
FN:138,sk_core::k8s::gvk::test::test_serialize
FN:146,sk_core::k8s::gvk::test::test_deserialize::test_deserialize
FN:118,<sk_core::k8s::gvk::GVK as serde::de::Deserialize>::deserialize::<serde::de::value::StrDeserializer<serde::de::value::Error>>
FN:97,<sk_core::k8s::gvk::GVKVisitor as serde::de::Visitor>::visit_str::<serde_json::error::Error>
FN:79,<sk_core::k8s::gvk::GVK as serde::ser::Serialize>::serialize::<rmp_serde::bytes::OnlyBytes>
FN:97,<sk_core::k8s::gvk::GVKVisitor as serde::de::Visitor>::visit_str::<_>
FN:118,<sk_core::k8s::gvk::GVK as serde::de::Deserialize>::deserialize::<serde::__private::de::content::ContentRefDeserializer<serde_json::error::Error>>
FN:138,sk_core::k8s::gvk::test::test_serialize
FN:79,<sk_core::k8s::gvk::GVK as serde::ser::Serialize>::serialize::<&mut rmp_serde::encode::Serializer<&mut rmp_serde::encode::FallibleWriter>>
FN:79,<sk_core::k8s::gvk::GVK as serde::ser::Serialize>::serialize::<rmp_serde::bytes::OnlyBytes>
FN:118,<sk_core::k8s::gvk::GVK as serde::de::Deserialize>::deserialize::<serde::de::value::StrDeserializer<serde::de::value::Error>>
FN:38,<sk_core::k8s::gvk::GVK>::from_owner_ref
FN:93,<sk_core::k8s::gvk::GVKVisitor as serde::de::Visitor>::expecting
FN:146,sk_core::k8s::gvk::test::test_deserialize
FN:138,sk_core::k8s::gvk::test::test_serialize::test_serialize
FN:118,<sk_core::k8s::gvk::GVK as serde::de::Deserialize>::deserialize::<serde_json::de::MapKey<serde_json::read::IoRead<std::io::buffered::bufreader::BufReader<std::fs::File>>>>
FN:79,<sk_core::k8s::gvk::GVK as serde::ser::Serialize>::serialize::<&mut rmp_serde::encode::Serializer<alloc::vec::Vec<u8>>>
FN:79,<sk_core::k8s::gvk::GVK as serde::ser::Serialize>::serialize::<&mut rmp_serde::encode::Serializer<alloc::vec::Vec<u8>>>
FN:118,<sk_core::k8s::gvk::GVK as serde::de::Deserialize>::deserialize::<serde::de::value::U8Deserializer<rmp_serde::decode::Error>>
FN:97,<sk_core::k8s::gvk::GVKVisitor as serde::de::Visitor>::visit_str::<serde_json::error::Error>
FN:97,<sk_core::k8s::gvk::GVKVisitor as serde::de::Visitor>::visit_str::<rmp_serde::decode::Error>
FN:146,sk_core::k8s::gvk::test::test_deserialize
FN:97,<sk_core::k8s::gvk::GVKVisitor as serde::de::Visitor>::visit_str::<serde_json::error::Error>
FN:118,<sk_core::k8s::gvk::GVK as serde::de::Deserialize>::deserialize::<serde::__private::de::content::ContentRefDeserializer<serde_json::error::Error>>
FN:118,<sk_core::k8s::gvk::GVK as serde::de::Deserialize>::deserialize::<serde::__private::de::content::ContentRefDeserializer<rmp_serde::decode::Error>>
FN:118,<sk_core::k8s::gvk::GVK as serde::de::Deserialize>::deserialize::<serde::__private::de::content::ContentRefDeserializer<rmp_serde::decode::Error>>
FN:118,<sk_core::k8s::gvk::GVK as serde::de::Deserialize>::deserialize::<serde::__private::de::content::ContentRefDeserializer<serde_json::error::Error>>
FN:118,<sk_core::k8s::gvk::GVK as serde::de::Deserialize>::deserialize::<serde::__private::de::content::ContentRefDeserializer<rmp_serde::decode::Error>>
FN:97,<sk_core::k8s::gvk::GVKVisitor as serde::de::Visitor>::visit_str::<serde_yaml::error::Error>
FN:31,<sk_core::k8s::gvk::GVK>::from_dynamic_obj
FN:97,<sk_core::k8s::gvk::GVKVisitor as serde::de::Visitor>::visit_str::<serde::de::value::Error>
FN:118,<sk_core::k8s::gvk::GVK as serde::de::Deserialize>::deserialize::<_>
FNDA:0,<sk_core::k8s::gvk::GVK as serde::de::Deserialize>::deserialize::<serde::de::value::U8Deserializer<rmp_serde::decode::Error>>
FNDA:0,<sk_core::k8s::gvk::GVK>::from_owner_ref
FNDA:0,<sk_core::k8s::gvk::GVK>::into_type_meta
FNDA:0,<sk_core::k8s::gvk::GVK as serde::de::Deserialize>::deserialize::<&mut rmp_serde::decode::Deserializer<rmp_serde::decode::ReadRefReader<[u8]>>>
FNDA:0,<sk_core::k8s::gvk::GVK as serde::ser::Serialize>::serialize::<rmp_serde::bytes::OnlyBytes>
FNDA:1,<sk_core::k8s::gvk::GVK>::new
FNDA:1,<sk_core::k8s::gvk::GVK as core::ops::deref::Deref>::deref
FNDA:1,<sk_core::k8s::gvk::GVK as serde::ser::Serialize>::serialize::<&mut serde_json::ser::Serializer<&mut alloc::vec::Vec<u8>>>
FNDA:0,<sk_core::k8s::gvk::GVK as core::fmt::Display>::fmt
FNDA:1,<sk_core::k8s::gvk::GVK>::from_dynamic_obj
FNDA:1,<sk_core::k8s::gvk::GVK as core::fmt::Display>::fmt
FNDA:1,<sk_core::k8s::gvk::GVKVisitor as serde::de::Visitor>::visit_str::<serde::de::value::Error>
FNDA:1,<sk_core::k8s::gvk::GVK as core::fmt::Display>::fmt
FNDA:1,<sk_core::k8s::gvk::GVKVisitor as serde::de::Visitor>::visit_str::<rmp_serde::decode::Error>
FNDA:0,<sk_core::k8s::gvk::GVK as serde::de::Deserialize>::deserialize::<&mut rmp_serde::decode::Deserializer<rmp_serde::decode::ReadRefReader<[u8]>>>
FNDA:0,sk_core::k8s::gvk::test::test_serialize::test_serialize
FNDA:0,<sk_core::k8s::gvk::GVK as serde::ser::Serialize>::serialize::<&mut rmp_serde::encode::Serializer<&mut rmp_serde::encode::FallibleWriter>>
FNDA:0,<sk_core::k8s::gvk::GVK as serde::ser::Serialize>::serialize::<_>
FNDA:1,<sk_core::k8s::gvk::GVK as serde::ser::Serialize>::serialize::<&mut rmp_serde::encode::Serializer<&mut rmp_serde::encode::FallibleWriter>>
FNDA:0,<sk_core::k8s::gvk::GVK as serde::ser::Serialize>::serialize::<&mut serde_json::ser::Serializer<&mut alloc::vec::Vec<u8>>>
FNDA:0,<sk_core::k8s::gvk::GVKVisitor as serde::de::Visitor>::expecting
FNDA:0,<sk_core::k8s::gvk::GVK>::into_type_meta
FNDA:1,<sk_core::k8s::gvk::GVK as core::ops::deref::Deref>::deref
FNDA:0,<sk_core::k8s::gvk::GVK as serde::de::Deserialize>::deserialize::<&mut serde_yaml::de::DeserializerFromEvents>
FNDA:1,<sk_core::k8s::gvk::GVK as serde::ser::Serialize>::serialize::<&mut rmp_serde::encode::Serializer<alloc::vec::Vec<u8>>>
FNDA:1,<sk_core::k8s::gvk::GVK as serde::de::Deserialize>::deserialize::<&mut rmp_serde::decode::Deserializer<rmp_serde::decode::ReadRefReader<[u8]>>>
FNDA:0,<sk_core::k8s::gvk::GVK as serde::de::Deserialize>::deserialize::<serde_json::de::MapKey<serde_json::read::IoRead<std::io::buffered::bufreader::BufReader<std::fs::File>>>>
FNDA:1,<sk_core::k8s::gvk::GVK>::new
FNDA:1,<sk_core::k8s::gvk::GVK as serde::de::Deserialize>::deserialize::<serde_json::de::MapKey<serde_json::read::IoRead<std::io::buffered::bufreader::BufReader<std::fs::File>>>>
FNDA:1,sk_core::k8s::gvk::test::test_deserialize::test_deserialize
FNDA:0,<sk_core::k8s::gvk::GVKVisitor as serde::de::Visitor>::expecting
FNDA:0,<sk_core::k8s::gvk::GVK as serde::de::Deserialize>::deserialize::<serde::de::value::U8Deserializer<rmp_serde::decode::Error>>
FNDA:1,<sk_core::k8s::gvk::GVK>::from_owner_ref
FNDA:0,<sk_core::k8s::gvk::GVK>::new
FNDA:0,<sk_core::k8s::gvk::GVK>::from_dynamic_obj
FNDA:0,<sk_core::k8s::gvk::GVK as core::ops::deref::Deref>::deref
FNDA:1,<sk_core::k8s::gvk::GVK>::into_type_meta
FNDA:1,<sk_core::k8s::gvk::GVKVisitor as serde::de::Visitor>::visit_str::<rmp_serde::decode::Error>
FNDA:0,sk_core::k8s::gvk::test::test_serialize
FNDA:0,sk_core::k8s::gvk::test::test_deserialize::test_deserialize
FNDA:0,<sk_core::k8s::gvk::GVK as serde::de::Deserialize>::deserialize::<serde::de::value::StrDeserializer<serde::de::value::Error>>
FNDA:0,<sk_core::k8s::gvk::GVKVisitor as serde::de::Visitor>::visit_str::<serde_json::error::Error>
FNDA:0,<sk_core::k8s::gvk::GVK as serde::ser::Serialize>::serialize::<rmp_serde::bytes::OnlyBytes>
FNDA:0,<sk_core::k8s::gvk::GVKVisitor as serde::de::Visitor>::visit_str::<_>
FNDA:1,<sk_core::k8s::gvk::GVK as serde::de::Deserialize>::deserialize::<serde::__private::de::content::ContentRefDeserializer<serde_json::error::Error>>
FNDA:1,sk_core::k8s::gvk::test::test_serialize
FNDA:0,<sk_core::k8s::gvk::GVK as serde::ser::Serialize>::serialize::<&mut rmp_serde::encode::Serializer<&mut rmp_serde::encode::FallibleWriter>>
FNDA:0,<sk_core::k8s::gvk::GVK as serde::ser::Serialize>::serialize::<rmp_serde::bytes::OnlyBytes>
FNDA:1,<sk_core::k8s::gvk::GVK as serde::de::Deserialize>::deserialize::<serde::de::value::StrDeserializer<serde::de::value::Error>>
FNDA:1,<sk_core::k8s::gvk::GVK>::from_owner_ref
FNDA:0,<sk_core::k8s::gvk::GVKVisitor as serde::de::Visitor>::expecting
FNDA:0,sk_core::k8s::gvk::test::test_deserialize
FNDA:1,sk_core::k8s::gvk::test::test_serialize::test_serialize
FNDA:1,<sk_core::k8s::gvk::GVK as serde::de::Deserialize>::deserialize::<serde_json::de::MapKey<serde_json::read::IoRead<std::io::buffered::bufreader::BufReader<std::fs::File>>>>
FNDA:1,<sk_core::k8s::gvk::GVK as serde::ser::Serialize>::serialize::<&mut rmp_serde::encode::Serializer<alloc::vec::Vec<u8>>>
FNDA:0,<sk_core::k8s::gvk::GVK as serde::ser::Serialize>::serialize::<&mut rmp_serde::encode::Serializer<alloc::vec::Vec<u8>>>
FNDA:0,<sk_core::k8s::gvk::GVK as serde::de::Deserialize>::deserialize::<serde::de::value::U8Deserializer<rmp_serde::decode::Error>>
FNDA:1,<sk_core::k8s::gvk::GVKVisitor as serde::de::Visitor>::visit_str::<serde_json::error::Error>
FNDA:0,<sk_core::k8s::gvk::GVKVisitor as serde::de::Visitor>::visit_str::<rmp_serde::decode::Error>
FNDA:1,sk_core::k8s::gvk::test::test_deserialize
FNDA:1,<sk_core::k8s::gvk::GVKVisitor as serde::de::Visitor>::visit_str::<serde_json::error::Error>
FNDA:1,<sk_core::k8s::gvk::GVK as serde::de::Deserialize>::deserialize::<serde::__private::de::content::ContentRefDeserializer<serde_json::error::Error>>
FNDA:1,<sk_core::k8s::gvk::GVK as serde::de::Deserialize>::deserialize::<serde::__private::de::content::ContentRefDeserializer<rmp_serde::decode::Error>>
FNDA:1,<sk_core::k8s::gvk::GVK as serde::de::Deserialize>::deserialize::<serde::__private::de::content::ContentRefDeserializer<rmp_serde::decode::Error>>
FNDA:0,<sk_core::k8s::gvk::GVK as serde::de::Deserialize>::deserialize::<serde::__private::de::content::ContentRefDeserializer<serde_json::error::Error>>
FNDA:0,<sk_core::k8s::gvk::GVK as serde::de::Deserialize>::deserialize::<serde::__private::de::content::ContentRefDeserializer<rmp_serde::decode::Error>>
FNDA:0,<sk_core::k8s::gvk::GVKVisitor as serde::de::Visitor>::visit_str::<serde_yaml::error::Error>
FNDA:0,<sk_core::k8s::gvk::GVK>::from_dynamic_obj
FNDA:0,<sk_core::k8s::gvk::GVKVisitor as serde::de::Visitor>::visit_str::<serde::de::value::Error>
FNDA:0,<sk_core::k8s::gvk::GVK as serde::de::Deserialize>::deserialize::<_>
FNF:70
FNH:31
BRF:0
BRH:0
DA:27,54
DA:28,54
DA:29,54
DA:31,1057
DA:32,1057
DA:33,1057
DA:34,0
DA:36,1057
DA:38,58
DA:39,58
DA:40,58
DA:41,58
DA:42,14
DA:43,44
DA:44,44
DA:46,0
DA:48,58
DA:50,49
DA:51,49
DA:52,49
DA:53,49
DA:54,49
DA:55,49
DA:62,1073
DA:63,1073
DA:64,1073
DA:68,338
DA:69,338
DA:70,338
DA:71,337
DA:72,337
DA:74,338
DA:75,338
DA:79,20
DA:80,20
DA:81,20
DA:82,20
DA:83,20
DA:84,20
DA:85,20
DA:93,0
DA:94,0
DA:95,0
DA:97,47
DA:98,47
DA:99,47
DA:100,47
DA:101,47
DA:102,47
DA:103,44
DA:104,2
DA:105,1
DA:107,46
DA:108,46
DA:109,45
DA:110,1
DA:113,45
DA:114,47
DA:118,47
DA:119,47
DA:120,47
DA:121,47
DA:122,47
DA:123,47
LF:64
LH:59
end_of_record
SF:sk-cli/src/validation/rules/status_field_populated.rs
FN:59,<skctl::validation::rules::status_field_populated::StatusFieldPopulated as skctl::validation::validator::Diagnostic>::reset
FN:50,<skctl::validation::rules::status_field_populated::StatusFieldPopulated as skctl::validation::validator::Diagnostic>::check_next_event::{closure#0}::{closure#0}
FN:44,<skctl::validation::rules::status_field_populated::StatusFieldPopulated as skctl::validation::validator::Diagnostic>::check_next_event::{closure#0}
FN:59,<skctl::validation::rules::status_field_populated::StatusFieldPopulated as skctl::validation::validator::Diagnostic>::reset
FN:44,<skctl::validation::rules::status_field_populated::StatusFieldPopulated as skctl::validation::validator::Diagnostic>::check_next_event::{closure#0}
FN:38,<skctl::validation::rules::status_field_populated::StatusFieldPopulated as skctl::validation::validator::Diagnostic>::check_next_event
FN:62,skctl::validation::rules::status_field_populated::validator
FN:38,<skctl::validation::rules::status_field_populated::StatusFieldPopulated as skctl::validation::validator::Diagnostic>::check_next_event
FN:62,skctl::validation::rules::status_field_populated::validator
FN:50,<skctl::validation::rules::status_field_populated::StatusFieldPopulated as skctl::validation::validator::Diagnostic>::check_next_event::{closure#0}::{closure#0}
FNDA:0,<skctl::validation::rules::status_field_populated::StatusFieldPopulated as skctl::validation::validator::Diagnostic>::reset
FNDA:1,<skctl::validation::rules::status_field_populated::StatusFieldPopulated as skctl::validation::validator::Diagnostic>::check_next_event::{closure#0}::{closure#0}
FNDA:0,<skctl::validation::rules::status_field_populated::StatusFieldPopulated as skctl::validation::validator::Diagnostic>::check_next_event::{closure#0}
FNDA:0,<skctl::validation::rules::status_field_populated::StatusFieldPopulated as skctl::validation::validator::Diagnostic>::reset
FNDA:1,<skctl::validation::rules::status_field_populated::StatusFieldPopulated as skctl::validation::validator::Diagnostic>::check_next_event::{closure#0}
FNDA:0,<skctl::validation::rules::status_field_populated::StatusFieldPopulated as skctl::validation::validator::Diagnostic>::check_next_event
FNDA:1,skctl::validation::rules::status_field_populated::validator
FNDA:1,<skctl::validation::rules::status_field_populated::StatusFieldPopulated as skctl::validation::validator::Diagnostic>::check_next_event
FNDA:0,skctl::validation::rules::status_field_populated::validator
FNDA:0,<skctl::validation::rules::status_field_populated::StatusFieldPopulated as skctl::validation::validator::Diagnostic>::check_next_event::{closure#0}::{closure#0}
FNF:10
FNH:4
BRF:0
BRH:0
DA:38,2
DA:39,2
DA:40,2
DA:41,2
DA:42,2
DA:43,2
DA:44,2
DA:45,2
DA:46,2
DA:47,2
DA:48,2
DA:49,2
DA:50,2
DA:52,1
DA:53,1
DA:54,1
DA:55,2
DA:56,2
DA:57,2
DA:59,0
DA:62,2
DA:63,2
DA:64,2
DA:65,2
DA:66,2
DA:67,2
DA:68,2
DA:69,2
LF:28
LH:27
end_of_record
SF:sk-store/src/store.rs
FN:330,<sk_store::store::TraceStore as sk_store::TraceStorable>::end_ts::{closure#0}
FN:61,<sk_store::store::TraceStore>::new
FN:61,<sk_store::store::TraceStore>::new
FN:326,<sk_store::store::TraceStore as sk_store::TraceStorable>::start_ts::{closure#0}
FN:329,<sk_store::store::TraceStore as sk_store::TraceStorable>::end_ts
FN:148,<sk_store::store::TraceStore>::collect_events
FN:111,<sk_store::store::TraceStore>::from_exported_trace
FN:268,<sk_store::store::TraceStore as sk_store::TraceStorable>::record_pod_lifecycle
FN:103,<sk_store::store::TraceStore>::import
FN:330,<sk_store::store::TraceStore as sk_store::TraceStorable>::end_ts::{closure#0}
FN:268,<sk_store::store::TraceStore as sk_store::TraceStorable>::record_pod_lifecycle
FN:215,<sk_store::store::TraceStore as sk_store::TraceStorable>::create_or_update_obj
FN:317,<sk_store::store::TraceStore as sk_store::TraceStorable>::config
FN:251,<sk_store::store::TraceStore as sk_store::TraceStorable>::lookup_pod_lifecycle
FN:96,<sk_store::store::TraceStore>::export_all
FN:321,<sk_store::store::TraceStore as sk_store::TraceStorable>::has_obj
FN:71,<sk_store::store::TraceStore>::export
FN:237,<sk_store::store::TraceStore as sk_store::TraceStorable>::update_all_objs_for_gvk
FN:61,<sk_store::store::TraceStore>::new
FN:329,<sk_store::store::TraceStore as sk_store::TraceStorable>::end_ts
FN:71,<sk_store::store::TraceStore>::export
FN:65,<sk_store::store::TraceStore>::clone_with_events
FN:215,<sk_store::store::TraceStore as sk_store::TraceStorable>::create_or_update_obj
FN:317,<sk_store::store::TraceStore as sk_store::TraceStorable>::config
FN:65,<sk_store::store::TraceStore>::clone_with_events
FN:148,<sk_store::store::TraceStore>::collect_events
FN:325,<sk_store::store::TraceStore as sk_store::TraceStorable>::start_ts
FN:103,<sk_store::store::TraceStore>::import
FN:148,<sk_store::store::TraceStore>::collect_events
FN:131,<sk_store::store::TraceStore>::from_exported_trace::{closure#0}
FN:333,<sk_store::store::TraceStore as sk_store::TraceStorable>::iter
FN:229,<sk_store::store::TraceStore as sk_store::TraceStorable>::delete_obj
FN:343,<sk_store::TraceIterator as core::iter::traits::iterator::Iterator>::next
FN:96,<sk_store::store::TraceStore>::export_all
FN:343,<sk_store::TraceIterator as core::iter::traits::iterator::Iterator>::next
FN:251,<sk_store::store::TraceStore as sk_store::TraceStorable>::lookup_pod_lifecycle
FN:215,<sk_store::store::TraceStore as sk_store::TraceStorable>::create_or_update_obj
FN:131,<sk_store::store::TraceStore>::from_exported_trace::{closure#0}
FN:343,<sk_store::TraceIterator as core::iter::traits::iterator::Iterator>::next
FN:220,<sk_store::store::TraceStore as sk_store::TraceStorable>::create_or_update_obj::{closure#0}
FN:321,<sk_store::store::TraceStore as sk_store::TraceStorable>::has_obj
FN:96,<sk_store::store::TraceStore>::export_all
FN:251,<sk_store::store::TraceStore as sk_store::TraceStorable>::lookup_pod_lifecycle
FN:364,<sk_store::store::TraceStore>::sorted_objs_at
FN:321,<sk_store::store::TraceStore as sk_store::TraceStorable>::has_obj
FN:131,<sk_store::store::TraceStore>::from_exported_trace::{closure#0}
FN:65,<sk_store::store::TraceStore>::clone_with_events
FN:268,<sk_store::store::TraceStore as sk_store::TraceStorable>::record_pod_lifecycle
FN:325,<sk_store::store::TraceStore as sk_store::TraceStorable>::start_ts
FN:333,<sk_store::store::TraceStore as sk_store::TraceStorable>::iter
FN:220,<sk_store::store::TraceStore as sk_store::TraceStorable>::create_or_update_obj::{closure#0}
FN:317,<sk_store::store::TraceStore as sk_store::TraceStorable>::config
FN:237,<sk_store::store::TraceStore as sk_store::TraceStorable>::update_all_objs_for_gvk
FN:111,<sk_store::store::TraceStore>::from_exported_trace
FN:229,<sk_store::store::TraceStore as sk_store::TraceStorable>::delete_obj
FN:103,<sk_store::store::TraceStore>::import
FN:111,<sk_store::store::TraceStore>::from_exported_trace
FN:326,<sk_store::store::TraceStore as sk_store::TraceStorable>::start_ts::{closure#0}
FN:71,<sk_store::store::TraceStore>::export
FN:326,<sk_store::store::TraceStore as sk_store::TraceStorable>::start_ts::{closure#0}
FN:237,<sk_store::store::TraceStore as sk_store::TraceStorable>::update_all_objs_for_gvk
FN:229,<sk_store::store::TraceStore as sk_store::TraceStorable>::delete_obj
FN:329,<sk_store::store::TraceStore as sk_store::TraceStorable>::end_ts
FN:220,<sk_store::store::TraceStore as sk_store::TraceStorable>::create_or_update_obj::{closure#0}
FN:364,<sk_store::store::TraceStore>::sorted_objs_at
FN:333,<sk_store::store::TraceStore as sk_store::TraceStorable>::iter
FN:330,<sk_store::store::TraceStore as sk_store::TraceStorable>::end_ts::{closure#0}
FN:325,<sk_store::store::TraceStore as sk_store::TraceStorable>::start_ts
FNDA:0,<sk_store::store::TraceStore as sk_store::TraceStorable>::end_ts::{closure#0}
FNDA:1,<sk_store::store::TraceStore>::new
FNDA:1,<sk_store::store::TraceStore>::new
FNDA:1,<sk_store::store::TraceStore as sk_store::TraceStorable>::start_ts::{closure#0}
FNDA:1,<sk_store::store::TraceStore as sk_store::TraceStorable>::end_ts
FNDA:0,<sk_store::store::TraceStore>::collect_events
FNDA:1,<sk_store::store::TraceStore>::from_exported_trace
FNDA:0,<sk_store::store::TraceStore as sk_store::TraceStorable>::record_pod_lifecycle
FNDA:1,<sk_store::store::TraceStore>::import
FNDA:1,<sk_store::store::TraceStore as sk_store::TraceStorable>::end_ts::{closure#0}
FNDA:1,<sk_store::store::TraceStore as sk_store::TraceStorable>::record_pod_lifecycle
FNDA:1,<sk_store::store::TraceStore as sk_store::TraceStorable>::create_or_update_obj
FNDA:0,<sk_store::store::TraceStore as sk_store::TraceStorable>::config
FNDA:0,<sk_store::store::TraceStore as sk_store::TraceStorable>::lookup_pod_lifecycle
FNDA:0,<sk_store::store::TraceStore>::export_all
FNDA:0,<sk_store::store::TraceStore as sk_store::TraceStorable>::has_obj
FNDA:1,<sk_store::store::TraceStore>::export
FNDA:0,<sk_store::store::TraceStore as sk_store::TraceStorable>::update_all_objs_for_gvk
FNDA:0,<sk_store::store::TraceStore>::new
FNDA:0,<sk_store::store::TraceStore as sk_store::TraceStorable>::end_ts
FNDA:0,<sk_store::store::TraceStore>::export
FNDA:0,<sk_store::store::TraceStore>::clone_with_events
FNDA:0,<sk_store::store::TraceStore as sk_store::TraceStorable>::create_or_update_obj
FNDA:1,<sk_store::store::TraceStore as sk_store::TraceStorable>::config
FNDA:0,<sk_store::store::TraceStore>::clone_with_events
FNDA:1,<sk_store::store::TraceStore>::collect_events
FNDA:0,<sk_store::store::TraceStore as sk_store::TraceStorable>::start_ts
FNDA:1,<sk_store::store::TraceStore>::import
FNDA:1,<sk_store::store::TraceStore>::collect_events
FNDA:1,<sk_store::store::TraceStore>::from_exported_trace::{closure#0}
FNDA:1,<sk_store::store::TraceStore as sk_store::TraceStorable>::iter
FNDA:0,<sk_store::store::TraceStore as sk_store::TraceStorable>::delete_obj
FNDA:1,<sk_store::TraceIterator as core::iter::traits::iterator::Iterator>::next
FNDA:0,<sk_store::store::TraceStore>::export_all
FNDA:1,<sk_store::TraceIterator as core::iter::traits::iterator::Iterator>::next
FNDA:1,<sk_store::store::TraceStore as sk_store::TraceStorable>::lookup_pod_lifecycle
FNDA:0,<sk_store::store::TraceStore as sk_store::TraceStorable>::create_or_update_obj
FNDA:0,<sk_store::store::TraceStore>::from_exported_trace::{closure#0}
FNDA:0,<sk_store::TraceIterator as core::iter::traits::iterator::Iterator>::next
FNDA:1,<sk_store::store::TraceStore as sk_store::TraceStorable>::create_or_update_obj::{closure#0}
FNDA:1,<sk_store::store::TraceStore as sk_store::TraceStorable>::has_obj
FNDA:0,<sk_store::store::TraceStore>::export_all
FNDA:0,<sk_store::store::TraceStore as sk_store::TraceStorable>::lookup_pod_lifecycle
FNDA:0,<sk_store::store::TraceStore>::sorted_objs_at
FNDA:0,<sk_store::store::TraceStore as sk_store::TraceStorable>::has_obj
FNDA:0,<sk_store::store::TraceStore>::from_exported_trace::{closure#0}
FNDA:0,<sk_store::store::TraceStore>::clone_with_events
FNDA:0,<sk_store::store::TraceStore as sk_store::TraceStorable>::record_pod_lifecycle
FNDA:0,<sk_store::store::TraceStore as sk_store::TraceStorable>::start_ts
FNDA:1,<sk_store::store::TraceStore as sk_store::TraceStorable>::iter
FNDA:0,<sk_store::store::TraceStore as sk_store::TraceStorable>::create_or_update_obj::{closure#0}
FNDA:0,<sk_store::store::TraceStore as sk_store::TraceStorable>::config
FNDA:1,<sk_store::store::TraceStore as sk_store::TraceStorable>::update_all_objs_for_gvk
FNDA:1,<sk_store::store::TraceStore>::from_exported_trace
FNDA:1,<sk_store::store::TraceStore as sk_store::TraceStorable>::delete_obj
FNDA:0,<sk_store::store::TraceStore>::import
FNDA:0,<sk_store::store::TraceStore>::from_exported_trace
FNDA:0,<sk_store::store::TraceStore as sk_store::TraceStorable>::start_ts::{closure#0}
FNDA:1,<sk_store::store::TraceStore>::export
FNDA:0,<sk_store::store::TraceStore as sk_store::TraceStorable>::start_ts::{closure#0}
FNDA:0,<sk_store::store::TraceStore as sk_store::TraceStorable>::update_all_objs_for_gvk
FNDA:0,<sk_store::store::TraceStore as sk_store::TraceStorable>::delete_obj
FNDA:0,<sk_store::store::TraceStore as sk_store::TraceStorable>::end_ts
FNDA:0,<sk_store::store::TraceStore as sk_store::TraceStorable>::create_or_update_obj::{closure#0}
FNDA:1,<sk_store::store::TraceStore>::sorted_objs_at
FNDA:0,<sk_store::store::TraceStore as sk_store::TraceStorable>::iter
FNDA:0,<sk_store::store::TraceStore as sk_store::TraceStorable>::end_ts::{closure#0}
FNDA:1,<sk_store::store::TraceStore as sk_store::TraceStorable>::start_ts
FNF:68
FNH:28
BRF:0
BRH:0
DA:61,41
DA:62,41
DA:63,41
DA:65,0
DA:66,0
DA:67,0
DA:68,0
DA:69,0
DA:71,10
DA:72,10
DA:78,10
DA:79,10
DA:80,10
DA:81,10
DA:82,10
DA:83,10
DA:84,10
DA:85,10
DA:86,10
DA:87,10
DA:88,10
DA:89,10
DA:90,10
DA:92,10
DA:93,10
DA:94,10
DA:96,0
DA:97,0
DA:98,0
DA:100,0
DA:101,0
DA:103,10
DA:104,10
DA:105,10
DA:106,10
DA:111,10
DA:112,10
DA:113,10
DA:114,10
DA:115,10
DA:116,0
DA:117,10
DA:118,10
DA:119,10
DA:120,10
DA:121,10
DA:122,10
DA:123,10
DA:124,10
DA:125,10
DA:126,10
DA:127,10
DA:128,10
DA:129,10
DA:130,1
DA:131,3
DA:132,1
DA:133,1
DA:134,1
DA:135,1
DA:136,1
DA:137,9
DA:139,10
DA:140,10
DA:141,10
DA:142,10
DA:143,10
DA:144,10
DA:145,10
DA:146,10
DA:148,16
DA:149,16
DA:150,16
DA:151,16
DA:152,16
DA:153,16
DA:154,16
DA:155,16
DA:156,16
DA:157,16
DA:158,16
DA:159,16
DA:160,16
DA:161,16
DA:162,16
DA:163,16
DA:165,40
DA:169,32
DA:170,2
DA:171,30
DA:173,30
DA:174,87
DA:175,61
DA:176,61
DA:177,61
DA:178,21
DA:179,40
DA:180,61
DA:181,61
DA:184,43
DA:185,17
DA:186,17
DA:187,17
DA:188,2
DA:189,15
DA:190,17
DA:191,10
DA:192,10
DA:195,26
DA:196,21
DA:197,21
DA:198,4
DA:203,16
DA:204,16
DA:205,16
DA:215,50
DA:216,50
DA:218,50
DA:219,50
DA:220,50
DA:221,50
DA:222,50
DA:223,39
DA:224,39
DA:225,50
DA:226,50
DA:227,50
DA:229,8
DA:230,8
DA:231,8
DA:232,8
DA:233,8
DA:234,8
DA:235,8
DA:237,10
DA:238,10
DA:239,54
DA:240,44
DA:241,44
DA:242,44
DA:245,10
DA:246,1
DA:248,10
DA:249,10
DA:251,3
DA:252,3
DA:253,3
DA:254,3
DA:255,3
DA:256,3
DA:257,3
DA:258,3
DA:259,3
DA:260,1
DA:261,2
DA:263,3
DA:268,7
DA:269,7
DA:270,7
DA:271,7
DA:272,7
DA:273,7
DA:274,7
DA:275,7
DA:276,7
DA:277,7
DA:278,7
DA:279,7
DA:280,7
DA:281,2
DA:282,5
DA:284,6
DA:286,4
DA:287,4
DA:288,4
DA:289,1
DA:290,3
DA:291,3
DA:292,3
DA:293,1
DA:294,2
DA:305,2
DA:306,2
DA:307,2
DA:308,2
DA:311,1
DA:314,6
DA:315,7
DA:317,3696
DA:318,3696
DA:319,3696
DA:321,4
DA:322,4
DA:323,4
DA:325,8
DA:326,8
DA:327,8
DA:329,8
DA:330,8
DA:331,8
DA:333,24
DA:334,24
DA:335,24
DA:343,66
DA:344,66
DA:345,8
DA:346,58
DA:348,58
DA:349,58
DA:350,28
DA:351,14
DA:354,58
DA:355,58
DA:356,66
LF:214
LH:203
end_of_record
SF:sk-cli/src/completions.rs
FN:48,skctl::completions::completion_filename_for
FN:122,skctl::completions::test::test_prompt_for_location::case_3_no_entry
FN:122,skctl::completions::test::test_prompt_for_location::case_1_abs_path
FN:29,<skctl::completions::Args as clap_builder::derive::FromArgMatches>::update_from_arg_matches_mut::{closure#0}
FN:59,skctl::completions::prompt_for_location::<&[u8]>
FN:122,skctl::completions::test::test_prompt_for_location::case_1_abs_path
FN:32,<skctl::completions::Args as clap_builder::derive::FromArgMatches>::from_arg_matches_mut::{closure#1}
FN:122,skctl::completions::test::test_prompt_for_location
FN:131,skctl::completions::test::test_prompt_for_location_unsupported
FN:81,skctl::completions::print_extra_info
FN:29,<skctl::completions::Args as clap_builder::derive::FromArgMatches>::from_arg_matches_mut::{closure#0}
FN:32,<skctl::completions::Args as clap_builder::derive::FromArgMatches>::from_arg_matches_mut::{closure#1}
FN:122,skctl::completions::test::test_prompt_for_location::case_2_home_dir
FN:122,skctl::completions::test::test_prompt_for_location
FN:59,skctl::completions::prompt_for_location::<&[u8]>
FN:48,skctl::completions::completion_filename_for
FN:122,skctl::completions::test::test_prompt_for_location::case_3_no_entry
FN:131,skctl::completions::test::test_prompt_for_location_unsupported::test_prompt_for_location_unsupported
FN:29,<skctl::completions::Args as clap_builder::derive::FromArgMatches>::update_from_arg_matches_mut::{closure#0}
FN:29,<skctl::completions::Args as clap_builder::derive::FromArgMatches>::from_arg_matches_mut::{closure#0}
FN:35,skctl::completions::default_path_for
FN:131,skctl::completions::test::test_prompt_for_location_unsupported
FN:35,skctl::completions::default_path_for
FN:81,skctl::completions::print_extra_info
FN:32,<skctl::completions::Args as clap_builder::derive::FromArgMatches>::update_from_arg_matches_mut::{closure#1}
FN:95,skctl::completions::cmd
FN:95,skctl::completions::cmd
FN:131,skctl::completions::test::test_prompt_for_location_unsupported::test_prompt_for_location_unsupported
FN:32,<skctl::completions::Args as clap_builder::derive::FromArgMatches>::update_from_arg_matches_mut::{closure#1}
FN:122,skctl::completions::test::test_prompt_for_location::case_2_home_dir
FNDA:0,skctl::completions::completion_filename_for
FNDA:0,skctl::completions::test::test_prompt_for_location::case_3_no_entry
FNDA:0,skctl::completions::test::test_prompt_for_location::case_1_abs_path
FNDA:0,<skctl::completions::Args as clap_builder::derive::FromArgMatches>::update_from_arg_matches_mut::{closure#0}
FNDA:0,skctl::completions::prompt_for_location::<&[u8]>
FNDA:1,skctl::completions::test::test_prompt_for_location::case_1_abs_path
FNDA:0,<skctl::completions::Args as clap_builder::derive::FromArgMatches>::from_arg_matches_mut::{closure#1}
FNDA:1,skctl::completions::test::test_prompt_for_location
FNDA:1,skctl::completions::test::test_prompt_for_location_unsupported
FNDA:0,skctl::completions::print_extra_info
FNDA:0,<skctl::completions::Args as clap_builder::derive::FromArgMatches>::from_arg_matches_mut::{closure#0}
FNDA:0,<skctl::completions::Args as clap_builder::derive::FromArgMatches>::from_arg_matches_mut::{closure#1}
FNDA:1,skctl::completions::test::test_prompt_for_location::case_2_home_dir
FNDA:0,skctl::completions::test::test_prompt_for_location
FNDA:1,skctl::completions::prompt_for_location::<&[u8]>
FNDA:1,skctl::completions::completion_filename_for
FNDA:1,skctl::completions::test::test_prompt_for_location::case_3_no_entry
FNDA:1,skctl::completions::test::test_prompt_for_location_unsupported::test_prompt_for_location_unsupported
FNDA:0,<skctl::completions::Args as clap_builder::derive::FromArgMatches>::update_from_arg_matches_mut::{closure#0}
FNDA:0,<skctl::completions::Args as clap_builder::derive::FromArgMatches>::from_arg_matches_mut::{closure#0}
FNDA:0,skctl::completions::default_path_for
FNDA:0,skctl::completions::test::test_prompt_for_location_unsupported
FNDA:1,skctl::completions::default_path_for
FNDA:0,skctl::completions::print_extra_info
FNDA:0,<skctl::completions::Args as clap_builder::derive::FromArgMatches>::update_from_arg_matches_mut::{closure#1}
FNDA:0,skctl::completions::cmd
FNDA:0,skctl::completions::cmd
FNDA:0,skctl::completions::test::test_prompt_for_location_unsupported::test_prompt_for_location_unsupported
FNDA:0,<skctl::completions::Args as clap_builder::derive::FromArgMatches>::update_from_arg_matches_mut::{closure#1}
FNDA:0,skctl::completions::test::test_prompt_for_location::case_2_home_dir
FNF:30
FNH:9
BRF:0
BRH:0
DA:29,0
DA:32,0
DA:35,5
DA:36,5
DA:37,5
DA:38,5
DA:39,0
DA:40,0
DA:41,0
DA:42,0
DA:43,0
DA:45,5
DA:46,5
DA:48,3
DA:49,3
DA:50,3
DA:51,0
DA:52,0
DA:53,0
DA:54,0
DA:55,0
DA:57,3
DA:59,4
DA:60,4
DA:61,4
DA:63,4
DA:64,4
DA:65,1
DA:66,3
DA:67,2
DA:68,2
DA:69,2
DA:70,1
DA:71,1
DA:72,1
DA:74,1
DA:77,3
DA:78,3
DA:79,4
DA:81,0
DA:82,0
DA:83,0
DA:84,0
DA:86,0
DA:87,0
DA:88,0
DA:89,0
DA:91,0
DA:93,0
DA:95,0
DA:96,0
DA:97,0
DA:99,0
DA:100,0
DA:101,0
DA:104,0
DA:106,0
DA:107,0
DA:108,0
DA:109,0
DA:110,0
DA:112,0
DA:113,0
LF:63
LH:27
end_of_record
SF:sk-driver/src/runner.rs
FN:176,sk_driver::runner::cleanup_trace::{closure#0}
FN:171,sk_driver::runner::cleanup_trace
FN:48,sk_driver::runner::build_virtual_ns
FN:95,sk_driver::runner::run_trace::{closure#0}::{closure#0}
FN:59,sk_driver::runner::build_virtual_obj
FN:95,sk_driver::runner::run_trace::{closure#0}
FNDA:1,sk_driver::runner::cleanup_trace::{closure#0}
FNDA:1,sk_driver::runner::cleanup_trace
FNDA:1,sk_driver::runner::build_virtual_ns
FNDA:1,sk_driver::runner::run_trace::{closure#0}::{closure#0}
FNDA:1,sk_driver::runner::build_virtual_obj
FNDA:1,sk_driver::runner::run_trace::{closure#0}
FNF:6
FNH:6
BRF:0
BRH:0
DA:48,4
DA:49,4
DA:50,4
DA:51,4
DA:52,4
DA:53,4
DA:54,4
DA:55,4
DA:56,4
DA:57,4
DA:59,2
DA:60,2
DA:61,2
DA:62,2
DA:63,2
DA:64,2
DA:65,2
DA:66,2
DA:67,2
DA:68,2
DA:69,2
DA:70,2
DA:71,2
DA:73,2
DA:74,2
DA:75,2
DA:76,2
DA:77,2
DA:78,2
DA:79,2
DA:80,2
DA:81,2
DA:89,2
DA:90,0
DA:92,2
DA:93,2
DA:95,4
DA:171,5
DA:172,5
DA:173,5
DA:174,5
DA:175,5
DA:176,5
DA:177,5
DA:179,5
DA:180,5
DA:183,4
DA:184,4
DA:185,4
DA:186,4
DA:187,4
DA:188,4
DA:189,4
DA:190,4
DA:191,12
DA:196,3
DA:197,3
DA:199,1
DA:200,1
DA:201,1
DA:203,0
DA:206,4
DA:207,1
DA:208,3
DA:209,3
DA:210,3
DA:211,5
LF:67
LH:65
end_of_record
SF:sk-core/src/time.rs
FN:14,sk_core::time::duration_to_ts_from
FN:10,sk_core::time::duration_to_ts
FN:10,sk_core::time::duration_to_ts
FN:10,sk_core::time::duration_to_ts
FN:14,sk_core::time::duration_to_ts_from
FN:14,sk_core::time::duration_to_ts_from
FNDA:0,sk_core::time::duration_to_ts_from
FNDA:0,sk_core::time::duration_to_ts
FNDA:0,sk_core::time::duration_to_ts
FNDA:0,sk_core::time::duration_to_ts
FNDA:0,sk_core::time::duration_to_ts_from
FNDA:1,sk_core::time::duration_to_ts_from
FNF:6
FNH:1
BRF:0
BRH:0
DA:10,0
DA:11,0
DA:12,0
DA:14,7
DA:15,7
DA:16,7
DA:17,7
LF:7
LH:4
end_of_record
SF:sk-ctrl/src/objects.rs
FN:76,sk_ctrl::objects::build_prometheus::{closure#0}
FN:82,sk_ctrl::objects::build_prometheus::{closure#1}
FN:302,sk_ctrl::objects::build_local_trace_volume
FN:85,sk_ctrl::objects::build_prometheus::{closure#2}
FN:311,sk_ctrl::objects::build_local_trace_volume::{closure#0}
FN:203,sk_ctrl::objects::build_driver_job::{closure#0}::{closure#0}
FN:42,sk_ctrl::objects::build_driver_namespace
FN:50,sk_ctrl::objects::build_prometheus
FN:180,sk_ctrl::objects::build_driver_job
FN:317,sk_ctrl::objects::build_local_trace_volume::{closure#1}
FN:91,sk_ctrl::objects::build_prometheus::{closure#3}
FN:163,sk_ctrl::objects::build_driver_service
FN:258,sk_ctrl::objects::build_driver_args
FN:200,sk_ctrl::objects::build_driver_job::{closure#0}
FN:121,sk_ctrl::objects::build_mutating_webhook
FN:282,sk_ctrl::objects::build_certificate_volumes
FNDA:0,sk_ctrl::objects::build_prometheus::{closure#0}
FNDA:0,sk_ctrl::objects::build_prometheus::{closure#1}
FNDA:1,sk_ctrl::objects::build_local_trace_volume
FNDA:0,sk_ctrl::objects::build_prometheus::{closure#2}
FNDA:0,sk_ctrl::objects::build_local_trace_volume::{closure#0}
FNDA:0,sk_ctrl::objects::build_driver_job::{closure#0}::{closure#0}
FNDA:1,sk_ctrl::objects::build_driver_namespace
FNDA:1,sk_ctrl::objects::build_prometheus
FNDA:1,sk_ctrl::objects::build_driver_job
FNDA:0,sk_ctrl::objects::build_local_trace_volume::{closure#1}
FNDA:0,sk_ctrl::objects::build_prometheus::{closure#3}
FNDA:1,sk_ctrl::objects::build_driver_service
FNDA:1,sk_ctrl::objects::build_driver_args
FNDA:0,sk_ctrl::objects::build_driver_job::{closure#0}
FNDA:1,sk_ctrl::objects::build_mutating_webhook
[...]
FNDA:0,<sk_core::external_storage::__mock_MockObjectStoreWrapper_ObjectStoreWrapper::__scheme::Rfunc as core::default::Default>::default
FNDA:0,<sk_core::external_storage::__mock_MockObjectStoreWrapper_ObjectStoreWrapper::__put::Expectation>::times::<_>
FNDA:0,<sk_core::external_storage::__mock_MockObjectStoreWrapper_ObjectStoreWrapper::__put::Common as core::ops::drop::Drop>::drop
FNDA:0,<sk_core::external_storage::SkObjectStore as sk_core::external_storage::ObjectStoreWrapper>::put
FNDA:0,<sk_core::external_storage::__mock_MockObjectStoreWrapper_ObjectStoreWrapper::__scheme::Common>::call
FNDA:0,<sk_core::external_storage::__mock_MockObjectStoreWrapper_ObjectStoreWrapper::__get::Expectation>::return_const_st::<_>::{closure#0}
FNDA:1,<sk_core::external_storage::MockObjectStoreWrapper as sk_core::external_storage::ObjectStoreWrapper>::scheme
FNDA:0,<sk_core::external_storage::__mock_MockObjectStoreWrapper_ObjectStoreWrapper::__get::Common>::verify_sequence
FNDA:1,<sk_core::external_storage::__mock_MockObjectStoreWrapper_ObjectStoreWrapper::__scheme::Expectation>::once
FNDA:0,<sk_core::external_storage::__mock_MockObjectStoreWrapper_ObjectStoreWrapper::__scheme::Common>::matches
FNDA:0,<sk_core::external_storage::__mock_MockObjectStoreWrapper_ObjectStoreWrapper::__put::Expectation>::return_once::<_>
FNDA:0,<sk_core::external_storage::__mock_MockObjectStoreWrapper_ObjectStoreWrapper::__scheme::Common>::verify_sequence
FNDA:0,<sk_core::external_storage::__mock_MockObjectStoreWrapper_ObjectStoreWrapper::__scheme::Expectations>::call
FNDA:0,<sk_core::external_storage::__mock_MockObjectStoreWrapper_ObjectStoreWrapper::__get::Common>::times::<_>
FNDA:0,<sk_core::external_storage::__mock_MockObjectStoreWrapper_ObjectStoreWrapper::__get::Common>::in_sequence
FNDA:0,<sk_core::external_storage::__mock_MockObjectStoreWrapper_ObjectStoreWrapper::__scheme::Common>::with
FNDA:1,<sk_core::external_storage::__mock_MockObjectStoreWrapper_ObjectStoreWrapper::__scheme::Rfunc as core::default::Default>::default
FNDA:0,<sk_core::external_storage::__mock_MockObjectStoreWrapper_ObjectStoreWrapper::__put::Expectation>::new
FNDA:0,<sk_core::external_storage::__mock_MockObjectStoreWrapper_ObjectStoreWrapper::__get::Expectations>::new
FNDA:0,<sk_core::external_storage::__mock_MockObjectStoreWrapper_ObjectStoreWrapper::__get::Expectation>::return_const_st::<_>
FNDA:0,<sk_core::external_storage::__mock_MockObjectStoreWrapper_ObjectStoreWrapper::__scheme::Expectation as core::default::Default>::default
FNDA:0,<sk_core::external_storage::__mock_MockObjectStoreWrapper_ObjectStoreWrapper::__scheme::Rfunc>::call_mut
FNDA:0,<sk_core::external_storage::MockObjectStoreWrapper>::checkpoint
FNDA:0,<sk_core::external_storage::__mock_MockObjectStoreWrapper_ObjectStoreWrapper::__get::Expectation>::withf::<_>
FNDA:1,<sk_core::external_storage::__mock_MockObjectStoreWrapper_ObjectStoreWrapper::__put::Common>::satisfy_sequence
FNDA:0,<sk_core::external_storage::__mock_MockObjectStoreWrapper_ObjectStoreWrapper::__get::Expectation>::is_done
FNDA:0,<sk_core::external_storage::__mock_MockObjectStoreWrapper_ObjectStoreWrapper::__put::Expectation>::return_const::<_>::{closure#0}
FNDA:0,<sk_core::external_storage::__mock_MockObjectStoreWrapper_ObjectStoreWrapper::__put::Expectation>::return_const_st::<_>::{closure#0}
FNDA:0,<sk_core::external_storage::__mock_MockObjectStoreWrapper_ObjectStoreWrapper::__get::Common>::verify_sequence
FNDA:0,<sk_core::external_storage::__mock_MockObjectStoreWrapper_ObjectStoreWrapper::__scheme::Expectation>::return_const::<_>
FNDA:0,<sk_core::external_storage::__mock_MockObjectStoreWrapper_ObjectStoreWrapper::__scheme::Expectations>::expect
FNDA:0,<sk_core::external_storage::__mock_MockObjectStoreWrapper_ObjectStoreWrapper::__scheme::Expectation>::matches
FNDA:0,<sk_core::external_storage::__mock_MockObjectStoreWrapper_ObjectStoreWrapper::__scheme::Expectation>::return_const_st::<_>::{closure#0}
FNDA:0,<sk_core::external_storage::__mock_MockObjectStoreWrapper_ObjectStoreWrapper::__put::Matcher>::matches::{closure#0}
FNDA:0,<sk_core::external_storage::__mock_MockObjectStoreWrapper_ObjectStoreWrapper::__get::Expectation>::once
FNDA:0,<sk_core::external_storage::__mock_MockObjectStoreWrapper_ObjectStoreWrapper::__scheme::Common as core::default::Default>::default
FNDA:0,<sk_core::external_storage::__mock_MockObjectStoreWrapper_ObjectStoreWrapper::__put::Common>::verify_sequence
FNDA:1,<sk_core::external_storage::__mock_MockObjectStoreWrapper_ObjectStoreWrapper::__put::Expectation>::call
FNDA:0,<sk_core::external_storage::__mock_MockObjectStoreWrapper_ObjectStoreWrapper::__get::Common>::times::<usize>
FNDA:0,<sk_core::external_storage::__mock_MockObjectStoreWrapper_ObjectStoreWrapper::__put::Expectation>::withf_st::<_>
FNDA:0,<sk_core::external_storage::__mock_MockObjectStoreWrapper_ObjectStoreWrapper::__put::Rfunc as core::default::Default>::default
FNDA:0,<sk_core::external_storage::__mock_MockObjectStoreWrapper_ObjectStoreWrapper::__scheme::Expectations as core::default::Default>::default
FNDA:0,<sk_core::external_storage::__mock_MockObjectStoreWrapper_ObjectStoreWrapper::__put::Expectations>::expect
FNDA:1,sk_core::external_storage::test::test_new_sk_object_store_local_path
FNDA:1,<sk_core::external_storage::__mock_MockObjectStoreWrapper_ObjectStoreWrapper::__put::Expectation as core::default::Default>::default
FNDA:0,<sk_core::external_storage::__mock_MockObjectStoreWrapper_ObjectStoreWrapper::__put::Expectation>::return_once_st::<_>
FNDA:0,<sk_core::external_storage::__mock_MockObjectStoreWrapper_ObjectStoreWrapper::__get::Common>::with
FNDA:0,<sk_core::external_storage::__mock_MockObjectStoreWrapper_ObjectStoreWrapper::__put::Expectation>::times::<_>
FNDA:0,<sk_core::external_storage::__mock_MockObjectStoreWrapper_ObjectStoreWrapper::__scheme::Common>::satisfy_sequence
FNDA:0,<sk_core::external_storage::__mock_MockObjectStoreWrapper_ObjectStoreWrapper::__get::Common>::verify_sequence
FNDA:0,<sk_core::external_storage::__mock_MockObjectStoreWrapper_ObjectStoreWrapper::__put::Expectation>::call
FNDA:0,<sk_core::external_storage::__mock_MockObjectStoreWrapper_ObjectStoreWrapper::__get::Expectation>::return_once::<_>
FNDA:0,<sk_core::external_storage::__mock_MockObjectStoreWrapper_ObjectStoreWrapper::__put::Common>::matches
FNDA:0,<sk_core::external_storage::__mock_MockObjectStoreWrapper_ObjectStoreWrapper::__get::Expectation>::is_done
FNDA:0,<sk_core::external_storage::__mock_MockObjectStoreWrapper_ObjectStoreWrapper::__get::Expectation>::return_const::<_>::{closure#0}
FNDA:0,<sk_core::external_storage::__mock_MockObjectStoreWrapper_ObjectStoreWrapper::__put::Expectation>::once
FNDA:0,<sk_core::external_storage::__mock_MockObjectStoreWrapper_ObjectStoreWrapper::__get::Expectation>::times::<_>
FNDA:0,<sk_core::external_storage::__mock_MockObjectStoreWrapper_ObjectStoreWrapper::__scheme::Common>::withf_st::<_>
FNDA:1,<sk_core::external_storage::__mock_MockObjectStoreWrapper_ObjectStoreWrapper::__scheme::Expectations>::call
FNDA:0,<sk_core::external_storage::__mock_MockObjectStoreWrapper_ObjectStoreWrapper::__get::Expectation>::never
FNDA:0,<sk_core::external_storage::__mock_MockObjectStoreWrapper_ObjectStoreWrapper::__scheme::Common>::times::<_>
FNDA:0,<sk_core::external_storage::__mock_MockObjectStoreWrapper_ObjectStoreWrapper::__scheme::Expectation>::never
FNDA:0,<sk_core::external_storage::SkObjectStore as sk_core::external_storage::ObjectStoreWrapper>::put
FNDA:0,<sk_core::external_storage::__mock_MockObjectStoreWrapper_ObjectStoreWrapper::__get::Matcher as core::fmt::Display>::fmt
FNDA:0,<sk_core::external_storage::__mock_MockObjectStoreWrapper_ObjectStoreWrapper::__get::Common>::withf::<_>
FNDA:0,<sk_core::external_storage::__mock_MockObjectStoreWrapper_ObjectStoreWrapper::__scheme::Matcher>::matches
FNDA:0,<sk_core::external_storage::MockObjectStoreWrapper>::expect_get
FNDA:0,<sk_core::external_storage::__mock_MockObjectStoreWrapper_ObjectStoreWrapper::__put::Common as core::default::Default>::default
FNDA:0,<sk_core::external_storage::__mock_MockObjectStoreWrapper_ObjectStoreWrapper::__scheme::Common>::call
FNDA:1,<sk_core::external_storage::__mock_MockObjectStoreWrapper_ObjectStoreWrapper::__scheme::Expectation>::times::<usize>
FNDA:1,<sk_core::external_storage::__mock_MockObjectStoreWrapper_ObjectStoreWrapper::__put::Expectations as core::default::Default>::default
FNDA:0,<sk_core::external_storage::__mock_MockObjectStoreWrapper_ObjectStoreWrapper::__scheme::Common>::in_sequence
FNDA:0,<sk_core::external_storage::__mock_MockObjectStoreWrapper_ObjectStoreWrapper::__put::Expectation>::matches
FNDA:0,<sk_core::external_storage::__mock_MockObjectStoreWrapper_ObjectStoreWrapper::__put::Common as core::default::Default>::default
FNDA:0,sk_core::external_storage::test::test_new_sk_object_store_invalid::test_new_sk_object_store_invalid
FNDA:0,<sk_core::external_storage::__mock_MockObjectStoreWrapper_ObjectStoreWrapper::__put::Common>::withf_st::<_>
FNDA:0,<sk_core::external_storage::__mock_MockObjectStoreWrapper_ObjectStoreWrapper::__put::Expectation>::never
FNDA:0,<sk_core::external_storage::__mock_MockObjectStoreWrapper_ObjectStoreWrapper::__put::Expectation>::returning_st::<_>
FNDA:0,<sk_core::external_storage::__mock_MockObjectStoreWrapper_ObjectStoreWrapper::__get::Expectation>::with
FNDA:0,<sk_core::external_storage::__mock_MockObjectStoreWrapper_ObjectStoreWrapper::__scheme::Expectation>::return_once::<_>
FNDA:0,<sk_core::external_storage::__mock_MockObjectStoreWrapper_ObjectStoreWrapper::__scheme::Expectation as core::default::Default>::default
FNDA:1,<sk_core::external_storage::__mock_MockObjectStoreWrapper_ObjectStoreWrapper::__scheme::Common>::call
FNDA:0,<sk_core::external_storage::MockObjectStoreWrapper_ObjectStoreWrapper>::checkpoint
FNDA:0,<sk_core::external_storage::__mock_MockObjectStoreWrapper_ObjectStoreWrapper::__scheme::Expectation>::with
FNDA:0,<sk_core::external_storage::__mock_MockObjectStoreWrapper_ObjectStoreWrapper::__get::Expectation>::return_once::<_>
FNDA:0,<sk_core::external_storage::__mock_MockObjectStoreWrapper_ObjectStoreWrapper::__put::Common>::in_sequence
FNDA:0,<sk_core::external_storage::__mock_MockObjectStoreWrapper_ObjectStoreWrapper::__put::Expectation>::return_const_st::<_>
FNDA:0,<sk_core::external_storage::__mock_MockObjectStoreWrapper_ObjectStoreWrapper::__get::Expectation as core::default::Default>::default
FNDA:0,<sk_core::external_storage::MockObjectStoreWrapper>::expect_put
FNDA:0,<sk_core::external_storage::SkObjectStore as sk_core::external_storage::ObjectStoreWrapper>::get
FNDA:0,<sk_core::external_storage::__mock_MockObjectStoreWrapper_ObjectStoreWrapper::__scheme::Common>::with
FNDA:0,<sk_core::external_storage::__mock_MockObjectStoreWrapper_ObjectStoreWrapper::__scheme::Expectations>::checkpoint
FNDA:0,<sk_core::external_storage::__mock_MockObjectStoreWrapper_ObjectStoreWrapper::__get::Expectation>::matches
FNDA:0,<sk_core::external_storage::__mock_MockObjectStoreWrapper_ObjectStoreWrapper::__scheme::Matcher as core::default::Default>::default
FNDA:0,sk_core::external_storage::test::test_new_sk_object_store_local_path::case_3_relative
FNDA:0,<sk_core::external_storage::__mock_MockObjectStoreWrapper_ObjectStoreWrapper::__put::Expectation>::withf_st::<_>
FNDA:0,<sk_core::external_storage::__mock_MockObjectStoreWrapper_ObjectStoreWrapper::__scheme::Expectation>::is_done
FNDA:0,sk_core::external_storage::test::test_new_sk_object_store_local_path::case_2_without_base
FNDA:0,<sk_core::external_storage::__mock_MockObjectStoreWrapper_ObjectStoreWrapper::__scheme::Expectation>::once
FNDA:0,<sk_core::external_storage::__mock_MockObjectStoreWrapper_ObjectStoreWrapper::__scheme::Common>::never
FNDA:0,<sk_core::external_storage::__mock_MockObjectStoreWrapper_ObjectStoreWrapper::__scheme::Expectation>::withf::<_>
FNDA:0,<sk_core::external_storage::__mock_MockObjectStoreWrapper_ObjectStoreWrapper::__scheme::Expectation>::return_const_st::<_>
FNDA:0,<sk_core::external_storage::__mock_MockObjectStoreWrapper_ObjectStoreWrapper::__get::Common>::times::<_>
FNDA:0,<sk_core::external_storage::__mock_MockObjectStoreWrapper_ObjectStoreWrapper::__scheme::Expectation>::return_once::<_>
FNDA:0,<sk_core::external_storage::__mock_MockObjectStoreWrapper_ObjectStoreWrapper::__put::Matcher as core::fmt::Display>::fmt
FNDA:0,<sk_core::external_storage::__mock_MockObjectStoreWrapper_ObjectStoreWrapper::__get::Matcher>::matches
FNDA:0,<sk_core::external_storage::__mock_MockObjectStoreWrapper_ObjectStoreWrapper::__put::Expectation>::return_once::<_>
FNDA:0,<sk_core::external_storage::__mock_MockObjectStoreWrapper_ObjectStoreWrapper::__scheme::Expectation>::return_once_st::<_>
FNDA:0,<sk_core::external_storage::__mock_MockObjectStoreWrapper_ObjectStoreWrapper::__put::Expectation>::return_const::<_>
FNDA:0,<sk_core::external_storage::MockObjectStoreWrapper>::new
FNDA:0,<sk_core::external_storage::MockObjectStoreWrapper as sk_core::external_storage::ObjectStoreWrapper>::get::{closure#0}
FNDA:0,<sk_core::external_storage::__mock_MockObjectStoreWrapper_ObjectStoreWrapper::__get::Expectations>::call::{closure#0}
FNDA:0,<sk_core::external_storage::__mock_MockObjectStoreWrapper_ObjectStoreWrapper::__scheme::Common as core::default::Default>::default
FNDA:0,<sk_core::external_storage::__mock_MockObjectStoreWrapper_ObjectStoreWrapper::__put::Common>::in_sequence
FNDA:0,<sk_core::external_storage::MockObjectStoreWrapper>::expect_scheme
FNDA:1,<sk_core::external_storage::__mock_MockObjectStoreWrapper_ObjectStoreWrapper::__scheme::Expectation>::returning::<sk_tracer::tests::tracer_test::test_export_helper_cloud::{closure#0}::test_export_helper_cloud::{closure#0}::{closure#1}>
FNDA:1,sk_core::external_storage::parse_path
FNDA:0,<sk_core::external_storage::__mock_MockObjectStoreWrapper_ObjectStoreWrapper::__put::Expectations>::checkpoint
FNDA:0,<sk_core::external_storage::__mock_MockObjectStoreWrapper_ObjectStoreWrapper::__put::Common>::satisfy_sequence
FNDA:0,<sk_core::external_storage::MockObjectStoreWrapper>::expect_get
FNDA:0,sk_core::external_storage::parse_path::{closure#0}
FNDA:0,<sk_core::external_storage::__mock_MockObjectStoreWrapper_ObjectStoreWrapper::__scheme::Expectations>::call::{closure#1}
FNDA:0,<sk_core::external_storage::__mock_MockObjectStoreWrapper_ObjectStoreWrapper::__get::Expectation>::returning_st::<_>
FNDA:0,<sk_core::external_storage::__mock_MockObjectStoreWrapper_ObjectStoreWrapper::__get::Expectation>::matches
FNDA:0,<sk_core::external_storage::__mock_MockObjectStoreWrapper_ObjectStoreWrapper::__scheme::Expectation>::return_once_st::<_>
FNDA:0,<sk_core::external_storage::MockObjectStoreWrapper as sk_core::external_storage::ObjectStoreWrapper>::put
FNDA:0,<sk_core::external_storage::__mock_MockObjectStoreWrapper_ObjectStoreWrapper::__scheme::Expectation>::matches
FNDA:0,<sk_core::external_storage::SkObjectStore as sk_core::external_storage::ObjectStoreWrapper>::get::{closure#0}
FNDA:0,<sk_core::external_storage::__mock_MockObjectStoreWrapper_ObjectStoreWrapper::__scheme::Common>::with
FNDA:0,<sk_core::external_storage::__mock_MockObjectStoreWrapper_ObjectStoreWrapper::__put::Expectation as core::default::Default>::default
FNDA:0,<sk_core::external_storage::__mock_MockObjectStoreWrapper_ObjectStoreWrapper::__scheme::Expectation>::in_sequence
FNDA:0,<sk_core::external_storage::__mock_MockObjectStoreWrapper_ObjectStoreWrapper::__get::Common>::withf::<_>
FNDA:0,<sk_core::external_storage::__mock_MockObjectStoreWrapper_ObjectStoreWrapper::__put::Expectation>::returning_st::<_>
FNDA:0,<sk_core::external_storage::__mock_MockObjectStoreWrapper_ObjectStoreWrapper::__get::Expectations as core::default::Default>::default
FNDA:0,<sk_core::external_storage::__mock_MockObjectStoreWrapper_ObjectStoreWrapper::__put::Expectation>::new
FNDA:0,<sk_core::external_storage::MockObjectStoreWrapper as core::fmt::Debug>::fmt
FNDA:1,<sk_core::external_storage::__mock_MockObjectStoreWrapper_ObjectStoreWrapper::__scheme::Common>::matches
FNDA:0,<sk_core::external_storage::__mock_MockObjectStoreWrapper_ObjectStoreWrapper::__put::Expectations>::call::{closure#1}
FNDA:0,<sk_core::external_storage::__mock_MockObjectStoreWrapper_ObjectStoreWrapper::__get::Expectation>::returning_st::<_>
FNDA:1,sk_core::external_storage::test::test_new_sk_object_store_local_path::case_3_relative
FNDA:1,<sk_core::external_storage::__mock_MockObjectStoreWrapper_ObjectStoreWrapper::__scheme::Common>::times::<usize>
FNF:498
FNH:73
BRF:0
BRH:0
DA:43,119
DA:59,12
DA:60,12
DA:61,11
DA:62,3
DA:63,7
DA:65,1
DA:68,0
DA:69,0
DA:70,0
DA:73,0
DA:74,0
DA:75,0
DA:77,0
DA:78,0
DA:81,11
DA:82,12
DA:87,11
DA:88,11
DA:89,11
DA:91,0
DA:92,0
DA:93,0
DA:94,0
DA:95,0
DA:97,0
DA:98,0
DA:99,0
DA:102,12
DA:103,12
DA:105,2
DA:106,2
DA:108,10
DA:111,12
DA:112,12
LF:35
LH:19
end_of_record
SF:sk-tracer/src/main.rs
FN:89,sk_tracer::run::{closure#0}
FN:70,<sk_tracer::export>::into_info
FN:52,sk_tracer::export_helper::{closure#0}
FN:74,sk_tracer::export::{closure#0}
FN:70,<sk_tracer::export>::into_info::monomorphized_function
FN:39,<sk_tracer::Options as clap_builder::derive::FromArgMatches>::update_from_arg_matches_mut::{closure#0}
FN:71,sk_tracer::export
FN:70,<sk_tracer::export>::into_route
FN:48,sk_tracer::export_helper
FN:89,sk_tracer::run::{closure#0}::{closure#0}
FN:39,<sk_tracer::Options as clap_builder::derive::FromArgMatches>::from_arg_matches_mut::{closure#0}
FN:86,sk_tracer::export::{closure#0}::{closure#0}
FN:45,<sk_tracer::Options as clap_builder::derive::FromArgMatches>::update_from_arg_matches_mut::{closure#2}
FN:42,<sk_tracer::Options as clap_builder::derive::FromArgMatches>::update_from_arg_matches_mut::{closure#1}
FN:70,<sk_tracer::export>::into_info::monomorphized_function::{closure#0}
FN:124,sk_tracer::main
FN:45,<sk_tracer::Options as clap_builder::derive::FromArgMatches>::from_arg_matches_mut::{closure#2}
FN:89,sk_tracer::run::{closure#0}::{closure#0}::{closure#0}
FN:117,sk_tracer::run::{closure#0}::{closure#0}::{closure#0}::{closure#2}
FN:124,sk_tracer::main::{closure#0}
FN:42,<sk_tracer::Options as clap_builder::derive::FromArgMatches>::from_arg_matches_mut::{closure#1}
FN:117,sk_tracer::run::{closure#0}::{closure#0}::{closure#0}::{closure#1}
FNDA:0,sk_tracer::run::{closure#0}
FNDA:0,<sk_tracer::export>::into_info
FNDA:1,sk_tracer::export_helper::{closure#0}
FNDA:0,sk_tracer::export::{closure#0}
FNDA:0,<sk_tracer::export>::into_info::monomorphized_function
FNDA:0,<sk_tracer::Options as clap_builder::derive::FromArgMatches>::update_from_arg_matches_mut::{closure#0}
FNDA:0,sk_tracer::export
FNDA:0,<sk_tracer::export>::into_route
FNDA:1,sk_tracer::export_helper
FNDA:0,sk_tracer::run::{closure#0}::{closure#0}
FNDA:0,<sk_tracer::Options as clap_builder::derive::FromArgMatches>::from_arg_matches_mut::{closure#0}
FNDA:0,sk_tracer::export::{closure#0}::{closure#0}
FNDA:0,<sk_tracer::Options as clap_builder::derive::FromArgMatches>::update_from_arg_matches_mut::{closure#2}
FNDA:0,<sk_tracer::Options as clap_builder::derive::FromArgMatches>::update_from_arg_matches_mut::{closure#1}
FNDA:0,<sk_tracer::export>::into_info::monomorphized_function::{closure#0}
FNDA:0,sk_tracer::main
FNDA:0,<sk_tracer::Options as clap_builder::derive::FromArgMatches>::from_arg_matches_mut::{closure#2}
FNDA:0,sk_tracer::run::{closure#0}::{closure#0}::{closure#0}
FNDA:0,sk_tracer::run::{closure#0}::{closure#0}::{closure#0}::{closure#2}
FNDA:0,sk_tracer::main::{closure#0}
FNDA:0,<sk_tracer::Options as clap_builder::derive::FromArgMatches>::from_arg_matches_mut::{closure#1}
FNDA:0,sk_tracer::run::{closure#0}::{closure#0}::{closure#0}::{closure#1}
FNF:22
FNH:2
BRF:0
BRH:0
DA:39,0
DA:42,0
DA:45,0
DA:48,2
DA:49,2
DA:50,2
DA:51,2
DA:52,2
DA:53,2
DA:55,2
DA:59,1
DA:60,1
DA:66,1
DA:68,2
DA:70,0
DA:71,0
DA:72,0
DA:73,0
DA:74,0
DA:75,0
DA:77,0
DA:78,0
DA:83,0
DA:84,0
DA:85,0
DA:86,0
DA:87,0
DA:89,0
DA:117,0
DA:124,0
DA:125,0
DA:126,0
DA:127,0
DA:128,0
LF:34
LH:11
end_of_record
